2019-07-29 10:37:00,473 INFO  [restartedMain] (CIR.CIR-FileEngine) FileEngine for file 'rules.cir' started!
2019-07-29 10:37:00,485 INFO  [restartedMain] (CIR.CIRManager) CIRManager started!
2019-07-29 10:37:01,455 DEBUG [restartedMain] (CIR.CIRManager) Updating CIR...
2019-07-29 10:37:01,476 DEBUG [restartedMain] (CIR.CIRManager) Adding rule "Rule0" to repository
2019-07-29 10:37:01,476 DEBUG [restartedMain] (CIR.CIRManager) Adding rule "Rule1" to repository
2019-07-29 10:37:01,476 DEBUG [restartedMain] (CIR.CIRManager) CIR updated!
2019-07-29 10:37:48,282 DEBUG [CIRManager] (CIR.CIRManager) Updating CIR...
2019-07-29 10:37:48,294 DEBUG [CIRManager] (CIR.CIRManager) Adding rule "Rule0" to repository
2019-07-29 10:37:48,295 DEBUG [CIRManager] (CIR.CIRManager) Adding rule "Rule1" to repository
2019-07-29 10:37:48,295 DEBUG [CIRManager] (CIR.CIRManager) CIR updated!
2019-07-29 10:37:48,295 DEBUG [CIRManager] (CIR.CIRManager) Property N2NC_1 changed value. Checking CIR...
2019-07-29 10:37:48,295 DEBUG [CIRManager] (CIR.CIRManager) No rules found!
2019-07-29 10:37:49,044 DEBUG [CIRManager] (CIR.CIRManager) Updating CIR...
2019-07-29 10:37:49,096 DEBUG [CIRManager] (CIR.CIRManager) Adding rule "Rule0" to repository
2019-07-29 10:37:49,098 DEBUG [CIRManager] (CIR.CIRManager) Adding rule "Rule1" to repository
2019-07-29 10:37:49,098 DEBUG [CIRManager] (CIR.CIRManager) CIR updated!
2019-07-29 10:37:49,098 DEBUG [CIRManager] (CIR.CIRManager) Property N2NC_1 changed value. Checking CIR...
2019-07-29 10:37:49,098 DEBUG [CIRManager] (CIR.CIRManager) No rules found!
2019-07-29 10:37:59,146 DEBUG [CIRManager] (CIR.CIRManager) Updating CIR...
2019-07-29 10:37:59,192 DEBUG [CIRManager] (CIR.CIRManager) Adding rule "Rule0" to repository
2019-07-29 10:38:00,671 DEBUG [CIRManager] (CIR.CIRManager) Adding rule "Rule1" to repository
2019-07-29 10:38:00,716 DEBUG [CIRManager] (CIR.CIRManager) CIR updated!
2019-07-29 10:38:00,716 DEBUG [CIRManager] (CIR.CIRManager) Property S281_1 changed value. Checking CIR...
2019-07-29 10:38:00,716 FATAL [CIRManager] (CIR.CIRManager) 11111
2019-07-29 10:38:00,717 FATAL [CIRManager] (CIR.CIRManager) Switch::0.0=1.0
2019-07-29 10:38:00,717 FATAL [CIRManager] (CIR.CIRManager) 11111
2019-07-29 10:38:00,717 INFO  [CIRManager] (CIR.CIRManager) Property S281_1 value change triggered 1 rules! Executing...
2019-07-29 10:38:00,717 DEBUG [CIRManager] (CIR.CIRManager) Updating property N2NC_1...
2019-07-29 10:38:00,717 DEBUG [CIRManager] (CIR.N2NC_1) Updating value of property N2NC_1 in CIRAdaptor...
2019-07-29 10:38:00,717 DEBUG [CIRManager] (CIR.N2NC_1) Property N2NC_1 updated!
2019-07-29 10:38:00,717 DEBUG [CIRManager] (CIR.N2NC_1) Updating value of property N2NC_1 in DBAdaptor...
2019-07-29 10:38:00,717 DEBUG [CIRManager] (CIR.N2NC_1) Property N2NC_1 updated!
2019-07-29 10:38:00,717 DEBUG [CIRManager] (CIR.N2NC_1) Updating value of property N2NC_1 in OHAdaptor...
2019-07-29 10:38:00,717 DEBUG [CIRManager] (CIR.N2NC_1) Property N2NC_1 updated!
2019-07-29 10:38:00,718 DEBUG [CIRManager] (CIR.N2NC_1) Sending property value to device...
2019-07-29 10:38:00,718 DEBUG [CIRManager] (CIR.N2NC_1) Property value sent!
2019-07-29 10:38:00,718 INFO  [CIRManager] (CIR.CIRManager) Property N2NC_1 updated from rule "Rule1"
2019-07-29 10:38:00,718 DEBUG [CIRManager] (CIR.CIRManager) Updating CIR...
2019-07-29 10:38:00,719 DEBUG [CIRManager] (CIR.CIRManager) Adding rule "Rule0" to repository
2019-07-29 10:38:00,719 DEBUG [CIRManager] (CIR.CIRManager) Adding rule "Rule1" to repository
2019-07-29 10:38:00,719 DEBUG [CIRManager] (CIR.CIRManager) CIR updated!
2019-07-29 10:38:00,719 DEBUG [CIRManager] (CIR.CIRManager) Property N2NC_1 changed value. Checking CIR...
2019-07-29 10:38:00,719 DEBUG [CIRManager] (CIR.CIRManager) No rules found!
2019-07-29 10:38:00,888 DEBUG [CIRManager] (CIR.CIRManager) Updating CIR...
2019-07-29 10:38:00,889 DEBUG [CIRManager] (CIR.CIRManager) Adding rule "Rule0" to repository
2019-07-29 10:38:00,890 DEBUG [CIRManager] (CIR.CIRManager) Adding rule "Rule1" to repository
2019-07-29 10:38:00,890 DEBUG [CIRManager] (CIR.CIRManager) CIR updated!
2019-07-29 10:38:00,890 DEBUG [CIRManager] (CIR.CIRManager) Property S281_1 changed value. Checking CIR...
2019-07-29 10:38:00,890 FATAL [CIRManager] (CIR.CIRManager) 11111
2019-07-29 10:38:00,890 FATAL [CIRManager] (CIR.CIRManager) 11111
2019-07-29 10:38:00,890 FATAL [CIRManager] (CIR.CIRManager) Switch::1.0=0.0
2019-07-29 10:38:00,890 INFO  [CIRManager] (CIR.CIRManager) Property S281_1 value change triggered 1 rules! Executing...
2019-07-29 10:38:00,890 DEBUG [CIRManager] (CIR.CIRManager) Updating property N2NC_1...
2019-07-29 10:38:00,890 DEBUG [CIRManager] (CIR.N2NC_1) Updating value of property N2NC_1 in CIRAdaptor...
2019-07-29 10:38:00,890 DEBUG [CIRManager] (CIR.N2NC_1) Property N2NC_1 updated!
2019-07-29 10:38:00,890 DEBUG [CIRManager] (CIR.N2NC_1) Updating value of property N2NC_1 in DBAdaptor...
2019-07-29 10:38:00,890 DEBUG [CIRManager] (CIR.N2NC_1) Property N2NC_1 updated!
2019-07-29 10:38:00,890 DEBUG [CIRManager] (CIR.N2NC_1) Updating value of property N2NC_1 in OHAdaptor...
2019-07-29 10:38:00,890 DEBUG [CIRManager] (CIR.N2NC_1) Property N2NC_1 updated!
2019-07-29 10:38:00,890 DEBUG [CIRManager] (CIR.N2NC_1) Sending property value to device...
2019-07-29 10:38:00,891 DEBUG [CIRManager] (CIR.N2NC_1) Property value sent!
2019-07-29 10:38:00,891 INFO  [CIRManager] (CIR.CIRManager) Property N2NC_1 updated from rule "Rule0"
2019-07-29 10:38:00,891 DEBUG [CIRManager] (CIR.CIRManager) Updating CIR...
2019-07-29 10:38:00,893 DEBUG [CIRManager] (CIR.CIRManager) Adding rule "Rule0" to repository
2019-07-29 10:38:00,893 DEBUG [CIRManager] (CIR.CIRManager) Adding rule "Rule1" to repository
2019-07-29 10:38:00,893 DEBUG [CIRManager] (CIR.CIRManager) CIR updated!
2019-07-29 10:38:00,893 DEBUG [CIRManager] (CIR.CIRManager) Property N2NC_1 changed value. Checking CIR...
2019-07-29 10:38:00,893 DEBUG [CIRManager] (CIR.CIRManager) No rules found!
2019-07-29 10:38:32,235 DEBUG [CIRManager] (CIR.CIRManager) Updating CIR...
2019-07-29 10:38:32,261 DEBUG [CIRManager] (CIR.CIRManager) Adding rule "Rule0" to repository
2019-07-29 10:38:32,261 DEBUG [CIRManager] (CIR.CIRManager) Adding rule "Rule1" to repository
2019-07-29 10:38:32,261 DEBUG [CIRManager] (CIR.CIRManager) CIR updated!
2019-07-29 10:38:32,261 DEBUG [CIRManager] (CIR.CIRManager) Property S281_1 changed value. Checking CIR...
2019-07-29 10:38:32,261 FATAL [CIRManager] (CIR.CIRManager) 11111
2019-07-29 10:38:32,261 FATAL [CIRManager] (CIR.CIRManager) Switch::0.0=1.0
2019-07-29 10:38:32,261 FATAL [CIRManager] (CIR.CIRManager) 11111
2019-07-29 10:38:32,261 INFO  [CIRManager] (CIR.CIRManager) Property S281_1 value change triggered 1 rules! Executing...
2019-07-29 10:38:32,261 DEBUG [CIRManager] (CIR.CIRManager) Updating property N2NC_1...
2019-07-29 10:38:32,261 DEBUG [CIRManager] (CIR.N2NC_1) Updating value of property N2NC_1 in CIRAdaptor...
2019-07-29 10:38:32,261 DEBUG [CIRManager] (CIR.N2NC_1) Property N2NC_1 updated!
2019-07-29 10:38:32,261 DEBUG [CIRManager] (CIR.N2NC_1) Updating value of property N2NC_1 in DBAdaptor...
2019-07-29 10:38:32,261 DEBUG [CIRManager] (CIR.N2NC_1) Property N2NC_1 updated!
2019-07-29 10:38:32,261 DEBUG [CIRManager] (CIR.N2NC_1) Updating value of property N2NC_1 in OHAdaptor...
2019-07-29 10:38:32,261 DEBUG [CIRManager] (CIR.N2NC_1) Property N2NC_1 updated!
2019-07-29 10:38:32,261 DEBUG [CIRManager] (CIR.N2NC_1) Sending property value to device...
2019-07-29 10:38:32,261 DEBUG [CIRManager] (CIR.N2NC_1) Property value sent!
2019-07-29 10:38:32,261 INFO  [CIRManager] (CIR.CIRManager) Property N2NC_1 updated from rule "Rule1"
2019-07-29 10:38:32,261 DEBUG [CIRManager] (CIR.CIRManager) Updating CIR...
2019-07-29 10:38:32,298 DEBUG [CIRManager] (CIR.CIRManager) Adding rule "Rule0" to repository
2019-07-29 10:38:32,298 DEBUG [CIRManager] (CIR.CIRManager) Adding rule "Rule1" to repository
2019-07-29 10:38:32,298 DEBUG [CIRManager] (CIR.CIRManager) CIR updated!
2019-07-29 10:38:32,298 DEBUG [CIRManager] (CIR.CIRManager) Property N2NC_1 changed value. Checking CIR...
2019-07-29 10:38:32,298 DEBUG [CIRManager] (CIR.CIRManager) No rules found!
2019-07-29 10:38:42,278 DEBUG [CIRManager] (CIR.CIRManager) Updating CIR...
2019-07-29 10:38:42,326 DEBUG [CIRManager] (CIR.CIRManager) Adding rule "Rule0" to repository
2019-07-29 10:38:42,326 DEBUG [CIRManager] (CIR.CIRManager) Adding rule "Rule1" to repository
2019-07-29 10:38:42,326 DEBUG [CIRManager] (CIR.CIRManager) CIR updated!
2019-07-29 10:38:42,326 DEBUG [CIRManager] (CIR.CIRManager) Property S281_1 changed value. Checking CIR...
2019-07-29 10:38:42,327 FATAL [CIRManager] (CIR.CIRManager) 11111
2019-07-29 10:38:42,327 FATAL [CIRManager] (CIR.CIRManager) 11111
2019-07-29 10:38:42,327 FATAL [CIRManager] (CIR.CIRManager) Switch::1.0=0.0
2019-07-29 10:38:42,327 INFO  [CIRManager] (CIR.CIRManager) Property S281_1 value change triggered 1 rules! Executing...
2019-07-29 10:38:42,327 DEBUG [CIRManager] (CIR.CIRManager) Updating property N2NC_1...
2019-07-29 10:38:42,327 DEBUG [CIRManager] (CIR.N2NC_1) Updating value of property N2NC_1 in CIRAdaptor...
2019-07-29 10:38:42,327 DEBUG [CIRManager] (CIR.N2NC_1) Property N2NC_1 updated!
2019-07-29 10:38:42,327 DEBUG [CIRManager] (CIR.N2NC_1) Updating value of property N2NC_1 in DBAdaptor...
2019-07-29 10:38:42,327 DEBUG [CIRManager] (CIR.N2NC_1) Property N2NC_1 updated!
2019-07-29 10:38:42,327 DEBUG [CIRManager] (CIR.N2NC_1) Updating value of property N2NC_1 in OHAdaptor...
2019-07-29 10:38:42,327 DEBUG [CIRManager] (CIR.N2NC_1) Property N2NC_1 updated!
2019-07-29 10:38:42,327 DEBUG [CIRManager] (CIR.N2NC_1) Sending property value to device...
2019-07-29 10:38:42,327 DEBUG [CIRManager] (CIR.N2NC_1) Property value sent!
2019-07-29 10:38:42,327 INFO  [CIRManager] (CIR.CIRManager) Property N2NC_1 updated from rule "Rule0"
2019-07-29 10:38:42,327 DEBUG [CIRManager] (CIR.CIRManager) Updating CIR...
2019-07-29 10:38:42,328 DEBUG [CIRManager] (CIR.CIRManager) Adding rule "Rule0" to repository
2019-07-29 10:38:42,328 DEBUG [CIRManager] (CIR.CIRManager) Adding rule "Rule1" to repository
2019-07-29 10:38:42,329 DEBUG [CIRManager] (CIR.CIRManager) CIR updated!
2019-07-29 10:38:42,329 DEBUG [CIRManager] (CIR.CIRManager) Property N2NC_1 changed value. Checking CIR...
2019-07-29 10:38:42,332 DEBUG [CIRManager] (CIR.CIRManager) No rules found!
2019-07-29 10:39:00,834 DEBUG [CIRManager] (CIR.CIRManager) Updating CIR...
2019-07-29 10:39:00,875 DEBUG [CIRManager] (CIR.CIRManager) Adding rule "Rule0" to repository
2019-07-29 10:39:00,875 DEBUG [CIRManager] (CIR.CIRManager) Adding rule "Rule1" to repository
2019-07-29 10:39:00,875 DEBUG [CIRManager] (CIR.CIRManager) CIR updated!
2019-07-29 10:39:00,875 DEBUG [CIRManager] (CIR.CIRManager) Property S281_1 changed value. Checking CIR...
2019-07-29 10:39:00,875 FATAL [CIRManager] (CIR.CIRManager) 11111
2019-07-29 10:39:00,875 FATAL [CIRManager] (CIR.CIRManager) Switch::0.0=1.0
2019-07-29 10:39:00,875 FATAL [CIRManager] (CIR.CIRManager) 11111
2019-07-29 10:39:00,875 INFO  [CIRManager] (CIR.CIRManager) Property S281_1 value change triggered 1 rules! Executing...
2019-07-29 10:39:00,875 DEBUG [CIRManager] (CIR.CIRManager) Updating property N2NC_1...
2019-07-29 10:39:00,875 DEBUG [CIRManager] (CIR.N2NC_1) Updating value of property N2NC_1 in CIRAdaptor...
2019-07-29 10:39:00,875 DEBUG [CIRManager] (CIR.N2NC_1) Property N2NC_1 updated!
2019-07-29 10:39:00,875 DEBUG [CIRManager] (CIR.N2NC_1) Updating value of property N2NC_1 in DBAdaptor...
2019-07-29 10:39:00,876 DEBUG [CIRManager] (CIR.N2NC_1) Property N2NC_1 updated!
2019-07-29 10:39:00,876 DEBUG [CIRManager] (CIR.N2NC_1) Updating value of property N2NC_1 in OHAdaptor...
2019-07-29 10:39:00,876 DEBUG [CIRManager] (CIR.N2NC_1) Property N2NC_1 updated!
2019-07-29 10:39:00,876 DEBUG [CIRManager] (CIR.N2NC_1) Sending property value to device...
2019-07-29 10:39:00,876 DEBUG [CIRManager] (CIR.N2NC_1) Property value sent!
2019-07-29 10:39:00,876 INFO  [CIRManager] (CIR.CIRManager) Property N2NC_1 updated from rule "Rule1"
2019-07-29 10:39:00,876 DEBUG [CIRManager] (CIR.CIRManager) Updating CIR...
2019-07-29 10:39:00,919 DEBUG [CIRManager] (CIR.CIRManager) Adding rule "Rule0" to repository
2019-07-29 10:39:00,919 DEBUG [CIRManager] (CIR.CIRManager) Adding rule "Rule1" to repository
2019-07-29 10:39:00,919 DEBUG [CIRManager] (CIR.CIRManager) CIR updated!
2019-07-29 10:39:00,919 DEBUG [CIRManager] (CIR.CIRManager) Property N2NC_1 changed value. Checking CIR...
2019-07-29 10:39:00,919 DEBUG [CIRManager] (CIR.CIRManager) No rules found!
2019-07-29 10:39:03,735 DEBUG [CIRManager] (CIR.CIRManager) Updating CIR...
2019-07-29 10:39:03,766 DEBUG [CIRManager] (CIR.CIRManager) Adding rule "Rule0" to repository
2019-07-29 10:39:03,767 DEBUG [CIRManager] (CIR.CIRManager) Adding rule "Rule1" to repository
2019-07-29 10:39:03,767 DEBUG [CIRManager] (CIR.CIRManager) CIR updated!
2019-07-29 10:39:03,767 DEBUG [CIRManager] (CIR.CIRManager) Property S281_1 changed value. Checking CIR...
2019-07-29 10:39:03,767 FATAL [CIRManager] (CIR.CIRManager) 11111
2019-07-29 10:39:03,767 FATAL [CIRManager] (CIR.CIRManager) 11111
2019-07-29 10:39:03,767 FATAL [CIRManager] (CIR.CIRManager) Switch::1.0=0.0
2019-07-29 10:39:03,767 INFO  [CIRManager] (CIR.CIRManager) Property S281_1 value change triggered 1 rules! Executing...
2019-07-29 10:39:03,767 DEBUG [CIRManager] (CIR.CIRManager) Updating property N2NC_1...
2019-07-29 10:39:03,767 DEBUG [CIRManager] (CIR.N2NC_1) Updating value of property N2NC_1 in CIRAdaptor...
2019-07-29 10:39:03,767 DEBUG [CIRManager] (CIR.N2NC_1) Property N2NC_1 updated!
2019-07-29 10:39:03,767 DEBUG [CIRManager] (CIR.N2NC_1) Updating value of property N2NC_1 in DBAdaptor...
2019-07-29 10:39:03,767 DEBUG [CIRManager] (CIR.N2NC_1) Property N2NC_1 updated!
2019-07-29 10:39:03,767 DEBUG [CIRManager] (CIR.N2NC_1) Updating value of property N2NC_1 in OHAdaptor...
2019-07-29 10:39:03,767 DEBUG [CIRManager] (CIR.N2NC_1) Property N2NC_1 updated!
2019-07-29 10:39:03,767 DEBUG [CIRManager] (CIR.N2NC_1) Sending property value to device...
2019-07-29 10:39:03,768 DEBUG [CIRManager] (CIR.N2NC_1) Property value sent!
2019-07-29 10:39:03,768 INFO  [CIRManager] (CIR.CIRManager) Property N2NC_1 updated from rule "Rule0"
2019-07-29 10:39:03,768 DEBUG [CIRManager] (CIR.CIRManager) Updating CIR...
2019-07-29 10:39:03,776 DEBUG [CIRManager] (CIR.CIRManager) Adding rule "Rule0" to repository
2019-07-29 10:39:03,776 DEBUG [CIRManager] (CIR.CIRManager) Adding rule "Rule1" to repository
2019-07-29 10:39:03,776 DEBUG [CIRManager] (CIR.CIRManager) CIR updated!
2019-07-29 10:39:03,776 DEBUG [CIRManager] (CIR.CIRManager) Property N2NC_1 changed value. Checking CIR...
2019-07-29 10:39:03,777 DEBUG [CIRManager] (CIR.CIRManager) No rules found!
2019-07-29 10:39:47,790 DEBUG [CIRManager] (CIR.CIRManager) Updating CIR...
2019-07-29 10:39:47,905 DEBUG [CIRManager] (CIR.CIRManager) Adding rule "Rule0" to repository
2019-07-29 10:39:47,908 DEBUG [CIRManager] (CIR.CIRManager) Adding rule "Rule12" to repository
2019-07-29 10:39:47,909 DEBUG [CIRManager] (CIR.CIRManager) CIR updated!
2019-07-29 10:39:47,909 DEBUG [CIRManager] (CIR.CIRManager) Property S281_1 changed value. Checking CIR...
2019-07-29 10:39:47,909 FATAL [CIRManager] (CIR.CIRManager) 11111
2019-07-29 10:39:47,909 FATAL [CIRManager] (CIR.CIRManager) Switch::0.0=1.0
2019-07-29 10:39:47,909 FATAL [CIRManager] (CIR.CIRManager) 11111
2019-07-29 10:39:47,910 INFO  [CIRManager] (CIR.CIRManager) Property S281_1 value change triggered 1 rules! Executing...
2019-07-29 10:39:47,910 DEBUG [CIRManager] (CIR.CIRManager) Updating property N2NC_1...
2019-07-29 10:39:47,911 DEBUG [CIRManager] (CIR.N2NC_1) Updating value of property N2NC_1 in CIRAdaptor...
2019-07-29 10:39:47,911 DEBUG [CIRManager] (CIR.N2NC_1) Property N2NC_1 updated!
2019-07-29 10:39:47,911 DEBUG [CIRManager] (CIR.N2NC_1) Updating value of property N2NC_1 in DBAdaptor...
2019-07-29 10:39:47,911 DEBUG [CIRManager] (CIR.N2NC_1) Property N2NC_1 updated!
2019-07-29 10:39:47,911 DEBUG [CIRManager] (CIR.N2NC_1) Updating value of property N2NC_1 in OHAdaptor...
2019-07-29 10:39:47,911 DEBUG [CIRManager] (CIR.N2NC_1) Property N2NC_1 updated!
2019-07-29 10:39:47,911 DEBUG [CIRManager] (CIR.N2NC_1) Sending property value to device...
2019-07-29 10:39:47,911 DEBUG [CIRManager] (CIR.N2NC_1) Property value sent!
2019-07-29 10:39:47,912 INFO  [CIRManager] (CIR.CIRManager) Property N2NC_1 updated from rule "Rule12"
2019-07-29 10:39:47,912 DEBUG [CIRManager] (CIR.CIRManager) Updating CIR...
2019-07-29 10:39:47,924 DEBUG [CIRManager] (CIR.CIRManager) Adding rule "Rule0" to repository
2019-07-29 10:39:47,925 DEBUG [CIRManager] (CIR.CIRManager) Adding rule "Rule12" to repository
2019-07-29 10:39:47,928 DEBUG [CIRManager] (CIR.CIRManager) CIR updated!
2019-07-29 10:39:47,928 DEBUG [CIRManager] (CIR.CIRManager) Property N2NC_1 changed value. Checking CIR...
2019-07-29 10:39:47,928 DEBUG [CIRManager] (CIR.CIRManager) No rules found!
2019-07-29 10:40:21,684 DEBUG [CIRManager] (CIR.CIRManager) Updating CIR...
2019-07-29 10:40:21,782 DEBUG [CIRManager] (CIR.CIRManager) Adding rule "Rule0" to repository
2019-07-29 10:40:21,782 DEBUG [CIRManager] (CIR.CIRManager) Adding rule "Rule12" to repository
2019-07-29 10:40:21,782 DEBUG [CIRManager] (CIR.CIRManager) CIR updated!
2019-07-29 10:40:21,782 DEBUG [CIRManager] (CIR.CIRManager) Property S281_1 changed value. Checking CIR...
2019-07-29 10:40:21,782 FATAL [CIRManager] (CIR.CIRManager) 11111
2019-07-29 10:40:21,782 FATAL [CIRManager] (CIR.CIRManager) 11111
2019-07-29 10:40:21,782 FATAL [CIRManager] (CIR.CIRManager) Switch::1.0=0.0
2019-07-29 10:40:21,782 INFO  [CIRManager] (CIR.CIRManager) Property S281_1 value change triggered 1 rules! Executing...
2019-07-29 10:40:21,782 DEBUG [CIRManager] (CIR.CIRManager) Updating property N2NC_1...
2019-07-29 10:40:21,782 DEBUG [CIRManager] (CIR.N2NC_1) Updating value of property N2NC_1 in CIRAdaptor...
2019-07-29 10:40:21,782 DEBUG [CIRManager] (CIR.N2NC_1) Property N2NC_1 updated!
2019-07-29 10:40:21,782 DEBUG [CIRManager] (CIR.N2NC_1) Updating value of property N2NC_1 in DBAdaptor...
2019-07-29 10:40:21,782 DEBUG [CIRManager] (CIR.N2NC_1) Property N2NC_1 updated!
2019-07-29 10:40:21,782 DEBUG [CIRManager] (CIR.N2NC_1) Updating value of property N2NC_1 in OHAdaptor...
2019-07-29 10:40:21,782 DEBUG [CIRManager] (CIR.N2NC_1) Property N2NC_1 updated!
2019-07-29 10:40:21,782 DEBUG [CIRManager] (CIR.N2NC_1) Sending property value to device...
2019-07-29 10:40:21,783 DEBUG [CIRManager] (CIR.N2NC_1) Property value sent!
2019-07-29 10:40:21,783 INFO  [CIRManager] (CIR.CIRManager) Property N2NC_1 updated from rule "Rule0"
2019-07-29 10:40:21,783 DEBUG [CIRManager] (CIR.CIRManager) Updating CIR...
2019-07-29 10:40:21,785 DEBUG [CIRManager] (CIR.CIRManager) Adding rule "Rule0" to repository
2019-07-29 10:40:21,786 DEBUG [CIRManager] (CIR.CIRManager) Adding rule "Rule12" to repository
2019-07-29 10:40:21,786 DEBUG [CIRManager] (CIR.CIRManager) CIR updated!
2019-07-29 10:40:21,786 DEBUG [CIRManager] (CIR.CIRManager) Property N2NC_1 changed value. Checking CIR...
2019-07-29 10:40:21,786 DEBUG [CIRManager] (CIR.CIRManager) No rules found!
2019-07-29 10:40:27,853 DEBUG [CIRManager] (CIR.CIRManager) Updating CIR...
2019-07-29 10:40:27,855 DEBUG [CIRManager] (CIR.CIRManager) Adding rule "Rule0" to repository
2019-07-29 10:40:27,855 DEBUG [CIRManager] (CIR.CIRManager) Adding rule "Rule12" to repository
2019-07-29 10:40:27,856 DEBUG [CIRManager] (CIR.CIRManager) CIR updated!
2019-07-29 10:40:27,856 DEBUG [CIRManager] (CIR.CIRManager) Property S281_1 changed value. Checking CIR...
2019-07-29 10:40:27,856 FATAL [CIRManager] (CIR.CIRManager) 11111
2019-07-29 10:40:27,856 FATAL [CIRManager] (CIR.CIRManager) Switch::0.0=1.0
2019-07-29 10:40:27,856 FATAL [CIRManager] (CIR.CIRManager) 11111
2019-07-29 10:40:27,856 INFO  [CIRManager] (CIR.CIRManager) Property S281_1 value change triggered 1 rules! Executing...
2019-07-29 10:40:27,856 DEBUG [CIRManager] (CIR.CIRManager) Updating property N2NC_1...
2019-07-29 10:40:27,856 DEBUG [CIRManager] (CIR.N2NC_1) Updating value of property N2NC_1 in CIRAdaptor...
2019-07-29 10:40:27,856 DEBUG [CIRManager] (CIR.N2NC_1) Property N2NC_1 updated!
2019-07-29 10:40:27,856 DEBUG [CIRManager] (CIR.N2NC_1) Updating value of property N2NC_1 in DBAdaptor...
2019-07-29 10:40:27,856 DEBUG [CIRManager] (CIR.N2NC_1) Property N2NC_1 updated!
2019-07-29 10:40:27,856 DEBUG [CIRManager] (CIR.N2NC_1) Updating value of property N2NC_1 in OHAdaptor...
2019-07-29 10:40:27,856 DEBUG [CIRManager] (CIR.N2NC_1) Property N2NC_1 updated!
2019-07-29 10:40:27,856 DEBUG [CIRManager] (CIR.N2NC_1) Sending property value to device...
2019-07-29 10:40:27,856 DEBUG [CIRManager] (CIR.N2NC_1) Property value sent!
2019-07-29 10:40:27,856 INFO  [CIRManager] (CIR.CIRManager) Property N2NC_1 updated from rule "Rule12"
2019-07-29 10:40:27,856 DEBUG [CIRManager] (CIR.CIRManager) Updating CIR...
2019-07-29 10:40:27,858 DEBUG [CIRManager] (CIR.CIRManager) Adding rule "Rule0" to repository
2019-07-29 10:40:27,858 DEBUG [CIRManager] (CIR.CIRManager) Adding rule "Rule12" to repository
2019-07-29 10:40:27,858 DEBUG [CIRManager] (CIR.CIRManager) CIR updated!
2019-07-29 10:40:27,858 DEBUG [CIRManager] (CIR.CIRManager) Property N2NC_1 changed value. Checking CIR...
2019-07-29 10:40:27,858 DEBUG [CIRManager] (CIR.CIRManager) No rules found!
2019-07-29 10:40:32,528 DEBUG [CIRManager] (CIR.CIRManager) Updating CIR...
2019-07-29 10:40:32,530 DEBUG [CIRManager] (CIR.CIRManager) Adding rule "Rule0" to repository
2019-07-29 10:40:32,530 DEBUG [CIRManager] (CIR.CIRManager) Adding rule "Rule12" to repository
2019-07-29 10:40:32,530 DEBUG [CIRManager] (CIR.CIRManager) CIR updated!
2019-07-29 10:40:32,530 DEBUG [CIRManager] (CIR.CIRManager) Property S281_1 changed value. Checking CIR...
2019-07-29 10:40:32,530 FATAL [CIRManager] (CIR.CIRManager) 11111
2019-07-29 10:40:32,530 FATAL [CIRManager] (CIR.CIRManager) 11111
2019-07-29 10:40:32,531 FATAL [CIRManager] (CIR.CIRManager) Switch::1.0=0.0
2019-07-29 10:40:32,531 INFO  [CIRManager] (CIR.CIRManager) Property S281_1 value change triggered 1 rules! Executing...
2019-07-29 10:40:32,531 DEBUG [CIRManager] (CIR.CIRManager) Updating property N2NC_1...
2019-07-29 10:40:32,531 DEBUG [CIRManager] (CIR.N2NC_1) Updating value of property N2NC_1 in CIRAdaptor...
2019-07-29 10:40:32,531 DEBUG [CIRManager] (CIR.N2NC_1) Property N2NC_1 updated!
2019-07-29 10:40:32,531 DEBUG [CIRManager] (CIR.N2NC_1) Updating value of property N2NC_1 in DBAdaptor...
2019-07-29 10:40:32,533 DEBUG [CIRManager] (CIR.N2NC_1) Property N2NC_1 updated!
2019-07-29 10:40:32,533 DEBUG [CIRManager] (CIR.N2NC_1) Updating value of property N2NC_1 in OHAdaptor...
2019-07-29 10:40:32,534 DEBUG [CIRManager] (CIR.N2NC_1) Property N2NC_1 updated!
2019-07-29 10:40:32,534 DEBUG [CIRManager] (CIR.N2NC_1) Sending property value to device...
2019-07-29 10:40:32,534 DEBUG [CIRManager] (CIR.N2NC_1) Property value sent!
2019-07-29 10:40:32,534 INFO  [CIRManager] (CIR.CIRManager) Property N2NC_1 updated from rule "Rule0"
2019-07-29 10:40:32,534 DEBUG [CIRManager] (CIR.CIRManager) Updating CIR...
2019-07-29 10:40:32,536 DEBUG [CIRManager] (CIR.CIRManager) Adding rule "Rule0" to repository
2019-07-29 10:40:32,536 DEBUG [CIRManager] (CIR.CIRManager) Adding rule "Rule12" to repository
2019-07-29 10:40:32,536 DEBUG [CIRManager] (CIR.CIRManager) CIR updated!
2019-07-29 10:40:32,536 DEBUG [CIRManager] (CIR.CIRManager) Property N2NC_1 changed value. Checking CIR...
2019-07-29 10:40:32,536 DEBUG [CIRManager] (CIR.CIRManager) No rules found!
