2019-07-29 10:37:48,272 DEBUG [Thread1:Process1] (POOP.POOPModule) POOPModule request processing started!
2019-07-29 10:37:48,275 INFO  [Thread1:Process1] (POOP.POOPModule) Changing property 1 of device N2NC to 0...
2019-07-29 10:37:48,275 DEBUG [Thread1:Process1] (POOP.POOPModule) Updating property in system...
2019-07-29 10:37:48,276 DEBUG [Thread1:Process1] (POOP.N2NC_1) Updating value of property N2NC_1 in CIRAdaptor...
2019-07-29 10:37:48,276 DEBUG [Thread1:Process1] (POOP.N2NC_1) Property N2NC_1 updated!
2019-07-29 10:37:48,276 DEBUG [Thread1:Process1] (POOP.N2NC_1) Updating value of property N2NC_1 in DBAdaptor...
2019-07-29 10:37:48,278 DEBUG [Thread1:Process1] (POOP.N2NC_1) Property N2NC_1 updated!
2019-07-29 10:37:48,278 DEBUG [Thread1:Process1] (POOP.N2NC_1) Updating value of property N2NC_1 in OHAdaptor...
2019-07-29 10:37:48,282 DEBUG [Thread1:Process1] (POOP.N2NC_1) Property N2NC_1 updated!
2019-07-29 10:37:48,288 INFO  [Thread1:Process1] (POOP.POOPModule) Property changed. POOP processing complete!
2019-07-29 10:37:48,288 INFO  [Thread1:Process1] (POOP.POOPModule) Request processing finished!
2019-07-29 10:37:49,043 DEBUG [Thread2:Process2] (POOP.POOPModule) POOPModule request processing started!
2019-07-29 10:37:49,043 INFO  [Thread2:Process2] (POOP.POOPModule) Changing property 1 of device N2NC to 1...
2019-07-29 10:37:49,043 DEBUG [Thread2:Process2] (POOP.POOPModule) Updating property in system...
2019-07-29 10:37:49,043 DEBUG [Thread2:Process2] (POOP.N2NC_1) Updating value of property N2NC_1 in CIRAdaptor...
2019-07-29 10:37:49,044 DEBUG [Thread2:Process2] (POOP.N2NC_1) Property N2NC_1 updated!
2019-07-29 10:37:49,044 DEBUG [Thread2:Process2] (POOP.N2NC_1) Updating value of property N2NC_1 in DBAdaptor...
2019-07-29 10:37:49,044 DEBUG [Thread2:Process2] (POOP.N2NC_1) Property N2NC_1 updated!
2019-07-29 10:37:49,044 DEBUG [Thread2:Process2] (POOP.N2NC_1) Updating value of property N2NC_1 in OHAdaptor...
2019-07-29 10:37:49,044 DEBUG [Thread2:Process2] (POOP.N2NC_1) Property N2NC_1 updated!
2019-07-29 10:37:49,044 INFO  [Thread2:Process2] (POOP.POOPModule) Property changed. POOP processing complete!
2019-07-29 10:37:49,044 INFO  [Thread2:Process2] (POOP.POOPModule) Request processing finished!
2019-07-29 10:37:58,475 DEBUG [Thread3:Process3] (POOP.POOPModule) POOPModule request processing started!
2019-07-29 10:37:58,476 INFO  [Thread3:Process3] (POOP.POOPModule) Changing property 1 of device S281 to 1...
2019-07-29 10:37:58,476 INFO  [Thread3:Process3] (POOP.POOPModule) Property is already set to 1!
2019-07-29 10:37:58,476 INFO  [Thread3:Process3] (POOP.POOPModule) Property changed. POOP processing complete!
2019-07-29 10:37:58,476 INFO  [Thread3:Process3] (POOP.POOPModule) Request processing finished!
2019-07-29 10:37:59,108 DEBUG [Thread1:Process4] (POOP.POOPModule) POOPModule request processing started!
2019-07-29 10:37:59,108 INFO  [Thread1:Process4] (POOP.POOPModule) Changing property 1 of device S281 to 0...
2019-07-29 10:37:59,108 DEBUG [Thread1:Process4] (POOP.POOPModule) Updating property in system...
2019-07-29 10:37:59,108 DEBUG [Thread1:Process4] (POOP.S281_1) Updating value of property S281_1 in CIRAdaptor...
2019-07-29 10:37:59,109 DEBUG [Thread1:Process4] (POOP.S281_1) Property S281_1 updated!
2019-07-29 10:37:59,109 DEBUG [Thread1:Process4] (POOP.S281_1) Updating value of property S281_1 in DBAdaptor...
2019-07-29 10:37:59,109 DEBUG [Thread1:Process4] (POOP.S281_1) Property S281_1 updated!
2019-07-29 10:37:59,109 DEBUG [Thread1:Process4] (POOP.S281_1) Updating value of property S281_1 in OHAdaptor...
2019-07-29 10:37:59,109 DEBUG [Thread1:Process4] (POOP.S281_1) Property S281_1 updated!
2019-07-29 10:37:59,109 INFO  [Thread1:Process4] (POOP.POOPModule) Property changed. POOP processing complete!
2019-07-29 10:37:59,110 INFO  [Thread1:Process4] (POOP.POOPModule) Request processing finished!
2019-07-29 10:38:00,888 DEBUG [Thread2:Process5] (POOP.POOPModule) POOPModule request processing started!
2019-07-29 10:38:00,888 INFO  [Thread2:Process5] (POOP.POOPModule) Changing property 1 of device S281 to 1...
2019-07-29 10:38:00,888 DEBUG [Thread2:Process5] (POOP.POOPModule) Updating property in system...
2019-07-29 10:38:00,888 DEBUG [Thread2:Process5] (POOP.S281_1) Updating value of property S281_1 in CIRAdaptor...
2019-07-29 10:38:00,888 DEBUG [Thread2:Process5] (POOP.S281_1) Property S281_1 updated!
2019-07-29 10:38:00,888 DEBUG [Thread2:Process5] (POOP.S281_1) Updating value of property S281_1 in DBAdaptor...
2019-07-29 10:38:00,888 DEBUG [Thread2:Process5] (POOP.S281_1) Property S281_1 updated!
2019-07-29 10:38:00,888 DEBUG [Thread2:Process5] (POOP.S281_1) Updating value of property S281_1 in OHAdaptor...
2019-07-29 10:38:00,888 DEBUG [Thread2:Process5] (POOP.S281_1) Property S281_1 updated!
2019-07-29 10:38:00,888 INFO  [Thread2:Process5] (POOP.POOPModule) Property changed. POOP processing complete!
2019-07-29 10:38:00,888 INFO  [Thread2:Process5] (POOP.POOPModule) Request processing finished!
2019-07-29 10:38:32,223 DEBUG [Thread3:Process6] (POOP.POOPModule) POOPModule request processing started!
2019-07-29 10:38:32,224 INFO  [Thread3:Process6] (POOP.POOPModule) Changing property 1 of device S281 to 0...
2019-07-29 10:38:32,224 DEBUG [Thread3:Process6] (POOP.POOPModule) Updating property in system...
2019-07-29 10:38:32,224 DEBUG [Thread3:Process6] (POOP.S281_1) Updating value of property S281_1 in CIRAdaptor...
2019-07-29 10:38:32,224 DEBUG [Thread3:Process6] (POOP.S281_1) Property S281_1 updated!
2019-07-29 10:38:32,224 DEBUG [Thread3:Process6] (POOP.S281_1) Updating value of property S281_1 in DBAdaptor...
2019-07-29 10:38:32,224 DEBUG [Thread3:Process6] (POOP.S281_1) Property S281_1 updated!
2019-07-29 10:38:32,224 DEBUG [Thread3:Process6] (POOP.S281_1) Updating value of property S281_1 in OHAdaptor...
2019-07-29 10:38:32,224 DEBUG [Thread3:Process6] (POOP.S281_1) Property S281_1 updated!
2019-07-29 10:38:32,224 INFO  [Thread3:Process6] (POOP.POOPModule) Property changed. POOP processing complete!
2019-07-29 10:38:32,224 INFO  [Thread3:Process6] (POOP.POOPModule) Request processing finished!
2019-07-29 10:38:42,277 DEBUG [Thread1:Process7] (POOP.POOPModule) POOPModule request processing started!
2019-07-29 10:38:42,277 INFO  [Thread1:Process7] (POOP.POOPModule) Changing property 1 of device S281 to 1...
2019-07-29 10:38:42,277 DEBUG [Thread1:Process7] (POOP.POOPModule) Updating property in system...
2019-07-29 10:38:42,277 DEBUG [Thread1:Process7] (POOP.S281_1) Updating value of property S281_1 in CIRAdaptor...
2019-07-29 10:38:42,277 DEBUG [Thread1:Process7] (POOP.S281_1) Property S281_1 updated!
2019-07-29 10:38:42,277 DEBUG [Thread1:Process7] (POOP.S281_1) Updating value of property S281_1 in DBAdaptor...
2019-07-29 10:38:42,277 DEBUG [Thread1:Process7] (POOP.S281_1) Property S281_1 updated!
2019-07-29 10:38:42,277 DEBUG [Thread1:Process7] (POOP.S281_1) Updating value of property S281_1 in OHAdaptor...
2019-07-29 10:38:42,277 DEBUG [Thread1:Process7] (POOP.S281_1) Property S281_1 updated!
2019-07-29 10:38:42,277 INFO  [Thread1:Process7] (POOP.POOPModule) Property changed. POOP processing complete!
2019-07-29 10:38:42,278 INFO  [Thread1:Process7] (POOP.POOPModule) Request processing finished!
2019-07-29 10:39:00,814 DEBUG [Thread2:Process8] (POOP.POOPModule) POOPModule request processing started!
2019-07-29 10:39:00,814 INFO  [Thread2:Process8] (POOP.POOPModule) Changing property 1 of device S281 to 0...
2019-07-29 10:39:00,814 DEBUG [Thread2:Process8] (POOP.POOPModule) Updating property in system...
2019-07-29 10:39:00,815 DEBUG [Thread2:Process8] (POOP.S281_1) Updating value of property S281_1 in CIRAdaptor...
2019-07-29 10:39:00,815 DEBUG [Thread2:Process8] (POOP.S281_1) Property S281_1 updated!
2019-07-29 10:39:00,815 DEBUG [Thread2:Process8] (POOP.S281_1) Updating value of property S281_1 in DBAdaptor...
2019-07-29 10:39:00,815 DEBUG [Thread2:Process8] (POOP.S281_1) Property S281_1 updated!
2019-07-29 10:39:00,815 DEBUG [Thread2:Process8] (POOP.S281_1) Updating value of property S281_1 in OHAdaptor...
2019-07-29 10:39:00,815 DEBUG [Thread2:Process8] (POOP.S281_1) Property S281_1 updated!
2019-07-29 10:39:00,815 INFO  [Thread2:Process8] (POOP.POOPModule) Property changed. POOP processing complete!
2019-07-29 10:39:00,815 INFO  [Thread2:Process8] (POOP.POOPModule) Request processing finished!
2019-07-29 10:39:03,734 DEBUG [Thread3:Process9] (POOP.POOPModule) POOPModule request processing started!
2019-07-29 10:39:03,734 INFO  [Thread3:Process9] (POOP.POOPModule) Changing property 1 of device S281 to 1...
2019-07-29 10:39:03,734 DEBUG [Thread3:Process9] (POOP.POOPModule) Updating property in system...
2019-07-29 10:39:03,734 DEBUG [Thread3:Process9] (POOP.S281_1) Updating value of property S281_1 in CIRAdaptor...
2019-07-29 10:39:03,734 DEBUG [Thread3:Process9] (POOP.S281_1) Property S281_1 updated!
2019-07-29 10:39:03,734 DEBUG [Thread3:Process9] (POOP.S281_1) Updating value of property S281_1 in DBAdaptor...
2019-07-29 10:39:03,734 DEBUG [Thread3:Process9] (POOP.S281_1) Property S281_1 updated!
2019-07-29 10:39:03,734 DEBUG [Thread3:Process9] (POOP.S281_1) Updating value of property S281_1 in OHAdaptor...
2019-07-29 10:39:03,734 DEBUG [Thread3:Process9] (POOP.S281_1) Property S281_1 updated!
2019-07-29 10:39:03,734 INFO  [Thread3:Process9] (POOP.POOPModule) Property changed. POOP processing complete!
2019-07-29 10:39:03,734 INFO  [Thread3:Process9] (POOP.POOPModule) Request processing finished!
2019-07-29 10:39:47,739 DEBUG [Thread1:Process10] (POOP.POOPModule) POOPModule request processing started!
2019-07-29 10:39:47,740 INFO  [Thread1:Process10] (POOP.POOPModule) Changing property 1 of device S281 to 0...
2019-07-29 10:39:47,740 DEBUG [Thread1:Process10] (POOP.POOPModule) Updating property in system...
2019-07-29 10:39:47,740 DEBUG [Thread1:Process10] (POOP.S281_1) Updating value of property S281_1 in CIRAdaptor...
2019-07-29 10:39:47,740 DEBUG [Thread1:Process10] (POOP.S281_1) Property S281_1 updated!
2019-07-29 10:39:47,740 DEBUG [Thread1:Process10] (POOP.S281_1) Updating value of property S281_1 in DBAdaptor...
2019-07-29 10:39:47,740 DEBUG [Thread1:Process10] (POOP.S281_1) Property S281_1 updated!
2019-07-29 10:39:47,740 DEBUG [Thread1:Process10] (POOP.S281_1) Updating value of property S281_1 in OHAdaptor...
2019-07-29 10:39:47,740 DEBUG [Thread1:Process10] (POOP.S281_1) Property S281_1 updated!
2019-07-29 10:39:47,741 INFO  [Thread1:Process10] (POOP.POOPModule) Property changed. POOP processing complete!
2019-07-29 10:39:47,741 INFO  [Thread1:Process10] (POOP.POOPModule) Request processing finished!
2019-07-29 10:40:21,683 DEBUG [Thread2:Process11] (POOP.POOPModule) POOPModule request processing started!
2019-07-29 10:40:21,683 INFO  [Thread2:Process11] (POOP.POOPModule) Changing property 1 of device S281 to 1...
2019-07-29 10:40:21,684 DEBUG [Thread2:Process11] (POOP.POOPModule) Updating property in system...
2019-07-29 10:40:21,684 DEBUG [Thread2:Process11] (POOP.S281_1) Updating value of property S281_1 in CIRAdaptor...
2019-07-29 10:40:21,684 DEBUG [Thread2:Process11] (POOP.S281_1) Property S281_1 updated!
2019-07-29 10:40:21,684 DEBUG [Thread2:Process11] (POOP.S281_1) Updating value of property S281_1 in DBAdaptor...
2019-07-29 10:40:21,684 DEBUG [Thread2:Process11] (POOP.S281_1) Property S281_1 updated!
2019-07-29 10:40:21,684 DEBUG [Thread2:Process11] (POOP.S281_1) Updating value of property S281_1 in OHAdaptor...
2019-07-29 10:40:21,684 DEBUG [Thread2:Process11] (POOP.S281_1) Property S281_1 updated!
2019-07-29 10:40:21,684 INFO  [Thread2:Process11] (POOP.POOPModule) Property changed. POOP processing complete!
2019-07-29 10:40:21,684 INFO  [Thread2:Process11] (POOP.POOPModule) Request processing finished!
2019-07-29 10:40:27,824 DEBUG [Thread3:Process12] (POOP.POOPModule) POOPModule request processing started!
2019-07-29 10:40:27,824 INFO  [Thread3:Process12] (POOP.POOPModule) Changing property 1 of device S281 to 0...
2019-07-29 10:40:27,824 DEBUG [Thread3:Process12] (POOP.POOPModule) Updating property in system...
2019-07-29 10:40:27,824 DEBUG [Thread3:Process12] (POOP.S281_1) Updating value of property S281_1 in CIRAdaptor...
2019-07-29 10:40:27,824 DEBUG [Thread3:Process12] (POOP.S281_1) Property S281_1 updated!
2019-07-29 10:40:27,824 DEBUG [Thread3:Process12] (POOP.S281_1) Updating value of property S281_1 in DBAdaptor...
2019-07-29 10:40:27,824 DEBUG [Thread3:Process12] (POOP.S281_1) Property S281_1 updated!
2019-07-29 10:40:27,824 DEBUG [Thread3:Process12] (POOP.S281_1) Updating value of property S281_1 in OHAdaptor...
2019-07-29 10:40:27,825 DEBUG [Thread3:Process12] (POOP.S281_1) Property S281_1 updated!
2019-07-29 10:40:27,825 INFO  [Thread3:Process12] (POOP.POOPModule) Property changed. POOP processing complete!
2019-07-29 10:40:27,825 INFO  [Thread3:Process12] (POOP.POOPModule) Request processing finished!
2019-07-29 10:40:32,414 DEBUG [Thread1:Process13] (POOP.POOPModule) POOPModule request processing started!
2019-07-29 10:40:32,414 INFO  [Thread1:Process13] (POOP.POOPModule) Changing property 1 of device S281 to 1...
2019-07-29 10:40:32,414 DEBUG [Thread1:Process13] (POOP.POOPModule) Updating property in system...
2019-07-29 10:40:32,414 DEBUG [Thread1:Process13] (POOP.S281_1) Updating value of property S281_1 in CIRAdaptor...
2019-07-29 10:40:32,414 DEBUG [Thread1:Process13] (POOP.S281_1) Property S281_1 updated!
2019-07-29 10:40:32,414 DEBUG [Thread1:Process13] (POOP.S281_1) Updating value of property S281_1 in DBAdaptor...
2019-07-29 10:40:32,414 DEBUG [Thread1:Process13] (POOP.S281_1) Property S281_1 updated!
2019-07-29 10:40:32,414 DEBUG [Thread1:Process13] (POOP.S281_1) Updating value of property S281_1 in OHAdaptor...
2019-07-29 10:40:32,414 DEBUG [Thread1:Process13] (POOP.S281_1) Property S281_1 updated!
2019-07-29 10:40:32,414 INFO  [Thread1:Process13] (POOP.POOPModule) Property changed. POOP processing complete!
2019-07-29 10:40:32,414 INFO  [Thread1:Process13] (POOP.POOPModule) Request processing finished!
