2019-07-29 10:36:57,449 INFO  [main] (MAIN.Maestro) Starting Maestro... 
2019-07-29 10:36:57,635 INFO  [restartedMain] (MAIN.Maestro) Starting Maestro... 
2019-07-29 10:37:00,274 INFO  [restartedMain] (UI.AdminController) AdminController started!
2019-07-29 10:37:00,380 INFO  [restartedMain] (MAIN.UserPropertyManager) UserPropertyManager started!
2019-07-29 10:37:00,425 INFO  [restartedMain] (DB.MainDBEngine) MainDBEngine started @ URL: jdbc:derby://localhost:1527/DB
2019-07-29 10:37:00,441 INFO  [restartedMain] (MAIN.Controller) Controller started!
2019-07-29 10:37:00,443 INFO  [restartedMain] (MAIN.ResponseManager) ResponseManager started!
2019-07-29 10:37:00,445 INFO  [restartedMain] (MainMQTTPublisher.MQTT) Starting MQTT Sender...
2019-07-29 10:37:00,445 INFO  [restartedMain] (MainMQTTPublisher.MQTT) MQTT Sender started!
2019-07-29 10:37:00,462 INFO  [restartedMain] (UI.BaseController) BaseController started!
2019-07-29 10:37:00,464 INFO  [restartedMain] (UI.DevicesController) DevicesController started!
2019-07-29 10:37:00,473 INFO  [restartedMain] (CIR.CIR-FileEngine) FileEngine for file 'rules.cir' started!
2019-07-29 10:37:00,485 INFO  [restartedMain] (CIR.CIRManager) CIRManager started!
2019-07-29 10:37:00,489 INFO  [restartedMain] (MAIN.AdaptorsDBEngine) AdaptorsDBEngine started @ URL: jdbc:derby://localhost:1527/products
2019-07-29 10:37:00,497 INFO  [restartedMain] (MainHTTPSender.MAIN) Starting MAIN Sender...
2019-07-29 10:37:00,497 INFO  [restartedMain] (MainHTTPSender.MAIN) MAIN Sender started!
2019-07-29 10:37:00,497 INFO  [restartedMain] (MainHTTPSender.MAIN) MainHTTPSender started!
2019-07-29 10:37:00,499 INFO  [restartedMain] (OH.OH-SitemapFileEngine) FileEngine for file 'home.sitemap' started!
2019-07-29 10:37:00,502 INFO  [restartedMain] (UI.ErrorController) ErrorController started!
2019-07-29 10:37:00,505 INFO  [restartedMain] (UI.SettingsController) SettingsController started!
2019-07-29 10:37:00,670 INFO  [restartedMain] (MQTT.MQTTClient) Connected to MQTT!
2019-07-29 10:37:00,673 DEBUG [restartedMain] (MQTT.MQTTClient) Subscribed to BM topic!
2019-07-29 10:37:00,673 DEBUG [restartedMain] (MQTT.MQTTClient) Listener set!
2019-07-29 10:37:00,673 DEBUG [restartedMain] (MQTT.MQTTClient) Publisher set!
2019-07-29 10:37:00,677 INFO  [restartedMain] (OH.OH-RulesFileEngine) FileEngine for file 'home.rules' started!
2019-07-29 10:37:00,682 INFO  [restartedMain] (MAIN.PropertiesFileEngine) FileEngine for file 'bm.properties' started!
2019-07-29 10:37:01,133 DEBUG [restartedMain] (MAIN.Maestro) Initializing repositories...
2019-07-29 10:37:01,133 INFO  [restartedMain] (MAIN.RoomRepository) Retrieving rooms from DB...
2019-07-29 10:37:01,191 DEBUG [restartedMain] (MAIN.RoomRepository) Adding room J444 (Kitchen) to repository!
2019-07-29 10:37:01,191 DEBUG [restartedMain] (MAIN.RoomRepository) Adding room U7YY (Dining Area) to repository!
2019-07-29 10:37:01,191 DEBUG [restartedMain] (MAIN.RoomRepository) Adding room RJ2L (Lanai) to repository!
2019-07-29 10:37:01,192 DEBUG [restartedMain] (MAIN.RoomRepository) Adding room DKF5 (Salas) to repository!
2019-07-29 10:37:01,192 DEBUG [restartedMain] (MAIN.RoomRepository) Adding room CRL0 (Kuya's Bedroom) to repository!
2019-07-29 10:37:01,192 DEBUG [restartedMain] (MAIN.RoomRepository) Adding room XKWG (2nd Floor) to repository!
2019-07-29 10:37:01,192 DEBUG [restartedMain] (MAIN.RoomRepository) 6 rooms added!
2019-07-29 10:37:01,225 DEBUG [restartedMain] (MAIN.RoomRepository) Room retrieval complete!
2019-07-29 10:37:01,225 INFO  [restartedMain] (MAIN.ProductRepository) Retrieving property types from DB...
2019-07-29 10:37:01,239 DEBUG [restartedMain] (MAIN.ProductRepository) Adding property type D (Digital) to repository!
2019-07-29 10:37:01,239 DEBUG [restartedMain] (MAIN.ProductRepository) Adding property type A1 (Analog) to repository!
2019-07-29 10:37:01,240 DEBUG [restartedMain] (MAIN.ProductRepository) Adding property type A2 (Percent) to repository!
2019-07-29 10:37:01,240 DEBUG [restartedMain] (MAIN.ProductRepository) Adding property type A3 (AnalogHue) to repository!
2019-07-29 10:37:01,240 DEBUG [restartedMain] (MAIN.ProductRepository) Adding property type STR (String) to repository!
2019-07-29 10:37:01,241 DEBUG [restartedMain] (MAIN.ProductRepository) Adding property type INN (Innate) to repository!
2019-07-29 10:37:01,241 DEBUG [restartedMain] (MAIN.ProductRepository) Adding property type INT (Integer) to repository!
2019-07-29 10:37:01,241 DEBUG [restartedMain] (MAIN.ProductRepository) 7 property types added!
2019-07-29 10:37:01,242 INFO  [restartedMain] (MAIN.ProductRepository) Populating products from DB...
2019-07-29 10:37:01,256 DEBUG [restartedMain] (MAIN.ProductFactory) Constructing product 0010 (Timer)
2019-07-29 10:37:01,260 DEBUG [restartedMain] (MAIN.ProductFactory) Adding property "Active" (index: 1) to product "Timer" (SSID: 0010)!
2019-07-29 10:37:01,260 DEBUG [restartedMain] (MAIN.ProductFactory) Adding property "Time" (index: 2) to product "Timer" (SSID: 0010)!
2019-07-29 10:37:01,261 DEBUG [restartedMain] (MAIN.ProductRepository) Product 0010 (Timer) added to repository!
2019-07-29 10:37:01,261 DEBUG [restartedMain] (MAIN.ProductRepository) Product 0010 (Timer) added to repository!
2019-07-29 10:37:01,261 DEBUG [restartedMain] (MAIN.ProductFactory) Constructing product 0011 (WS2812B)
2019-07-29 10:37:01,266 DEBUG [restartedMain] (MAIN.ProductFactory) Adding property "Warmwhite" (index: 1) to product "WS2812B" (SSID: 0011)!
2019-07-29 10:37:01,266 DEBUG [restartedMain] (MAIN.ProductFactory) Adding property "Red" (index: 2) to product "WS2812B" (SSID: 0011)!
2019-07-29 10:37:01,266 DEBUG [restartedMain] (MAIN.ProductFactory) Adding property "Random" (index: 3) to product "WS2812B" (SSID: 0011)!
2019-07-29 10:37:01,266 DEBUG [restartedMain] (MAIN.ProductFactory) Adding property "Sequence" (index: 4) to product "WS2812B" (SSID: 0011)!
2019-07-29 10:37:01,266 DEBUG [restartedMain] (MAIN.ProductFactory) Adding property "Off" (index: 5) to product "WS2812B" (SSID: 0011)!
2019-07-29 10:37:01,266 DEBUG [restartedMain] (MAIN.ProductFactory) Adding property "Group" (index: 6) to product "WS2812B" (SSID: 0011)!
2019-07-29 10:37:01,266 DEBUG [restartedMain] (MAIN.ProductFactory) Adding property "Groups" (index: 7) to product "WS2812B" (SSID: 0011)!
2019-07-29 10:37:01,266 DEBUG [restartedMain] (MAIN.ProductFactory) Adding property "Timer" (index: 8) to product "WS2812B" (SSID: 0011)!
2019-07-29 10:37:01,266 DEBUG [restartedMain] (MAIN.ProductFactory) Adding property "Start Timer" (index: 9) to product "WS2812B" (SSID: 0011)!
2019-07-29 10:37:01,267 DEBUG [restartedMain] (MAIN.ProductRepository) Product 0011 (WS2812B) added to repository!
2019-07-29 10:37:01,267 DEBUG [restartedMain] (MAIN.ProductRepository) Product 0011 (WS2812B) added to repository!
2019-07-29 10:37:01,267 DEBUG [restartedMain] (MAIN.ProductRepository) Product 0011 (WS2812B) added to repository!
2019-07-29 10:37:01,267 DEBUG [restartedMain] (MAIN.ProductRepository) Product 0011 (WS2812B) added to repository!
2019-07-29 10:37:01,267 DEBUG [restartedMain] (MAIN.ProductRepository) Product 0011 (WS2812B) added to repository!
2019-07-29 10:37:01,267 DEBUG [restartedMain] (MAIN.ProductRepository) Product 0011 (WS2812B) added to repository!
2019-07-29 10:37:01,267 DEBUG [restartedMain] (MAIN.ProductRepository) Product 0011 (WS2812B) added to repository!
2019-07-29 10:37:01,267 DEBUG [restartedMain] (MAIN.ProductRepository) Product 0011 (WS2812B) added to repository!
2019-07-29 10:37:01,267 DEBUG [restartedMain] (MAIN.ProductRepository) Product 0011 (WS2812B) added to repository!
2019-07-29 10:37:01,267 DEBUG [restartedMain] (MAIN.ProductFactory) Constructing product 0012 (VirtualSwitch)
2019-07-29 10:37:01,269 DEBUG [restartedMain] (MAIN.ProductFactory) Adding property "Switch" (index: 1) to product "VirtualSwitch" (SSID: 0012)!
2019-07-29 10:37:01,269 DEBUG [restartedMain] (MAIN.ProductRepository) Product 0012 (VirtualSwitch) added to repository!
2019-07-29 10:37:01,269 DEBUG [restartedMain] (MAIN.ProductFactory) Constructing product 0013 (VirtualSlider)
2019-07-29 10:37:01,271 DEBUG [restartedMain] (MAIN.ProductFactory) Adding property "Slider" (index: 1) to product "VirtualSlider" (SSID: 0013)!
2019-07-29 10:37:01,272 DEBUG [restartedMain] (MAIN.ProductRepository) Product 0013 (VirtualSlider) added to repository!
2019-07-29 10:37:01,272 DEBUG [restartedMain] (MAIN.ProductFactory) Constructing product 0002 (SoloLightRGB)
2019-07-29 10:37:01,291 DEBUG [restartedMain] (MAIN.ProductFactory) Adding property "Warm White" (index: 1) to product "SoloLightRGB" (SSID: 0002)!
2019-07-29 10:37:01,291 DEBUG [restartedMain] (MAIN.ProductFactory) Adding property "Red" (index: 4) to product "SoloLightRGB" (SSID: 0002)!
2019-07-29 10:37:01,291 DEBUG [restartedMain] (MAIN.ProductFactory) Adding property "Green" (index: 5) to product "SoloLightRGB" (SSID: 0002)!
2019-07-29 10:37:01,291 DEBUG [restartedMain] (MAIN.ProductFactory) Adding property "Blue" (index: 6) to product "SoloLightRGB" (SSID: 0002)!
2019-07-29 10:37:01,291 DEBUG [restartedMain] (MAIN.ProductFactory) Adding property "StartTimer" (index: 2) to product "SoloLightRGB" (SSID: 0002)!
2019-07-29 10:37:01,291 DEBUG [restartedMain] (MAIN.ProductFactory) Adding property "Timer(Mins)" (index: 3) to product "SoloLightRGB" (SSID: 0002)!
2019-07-29 10:37:01,292 DEBUG [restartedMain] (MAIN.ProductFactory) Adding property "Off" (index: 9) to product "SoloLightRGB" (SSID: 0002)!
2019-07-29 10:37:01,292 DEBUG [restartedMain] (MAIN.ProductFactory) Adding property "brightness" (index: 8) to product "SoloLightRGB" (SSID: 0002)!
2019-07-29 10:37:01,292 DEBUG [restartedMain] (MAIN.ProductFactory) Adding property "Orange" (index: 7) to product "SoloLightRGB" (SSID: 0002)!
2019-07-29 10:37:01,292 DEBUG [restartedMain] (MAIN.ProductRepository) Product 0002 (SoloLightRGB) added to repository!
2019-07-29 10:37:01,292 DEBUG [restartedMain] (MAIN.ProductRepository) Product 0002 (SoloLightRGB) added to repository!
2019-07-29 10:37:01,292 DEBUG [restartedMain] (MAIN.ProductRepository) Product 0002 (SoloLightRGB) added to repository!
2019-07-29 10:37:01,292 DEBUG [restartedMain] (MAIN.ProductRepository) Product 0002 (SoloLightRGB) added to repository!
2019-07-29 10:37:01,292 DEBUG [restartedMain] (MAIN.ProductRepository) Product 0002 (SoloLightRGB) added to repository!
2019-07-29 10:37:01,292 DEBUG [restartedMain] (MAIN.ProductRepository) Product 0002 (SoloLightRGB) added to repository!
2019-07-29 10:37:01,292 DEBUG [restartedMain] (MAIN.ProductFactory) Constructing product 0008 (PIRSensor)
2019-07-29 10:37:01,294 DEBUG [restartedMain] (MAIN.ProductFactory) Adding property "MotionDetected" (index: 1) to product "PIRSensor" (SSID: 0008)!
2019-07-29 10:37:01,294 DEBUG [restartedMain] (MAIN.ProductFactory) Adding property "PIR Indicator" (index: 2) to product "PIRSensor" (SSID: 0008)!
2019-07-29 10:37:01,295 DEBUG [restartedMain] (MAIN.ProductRepository) Product 0008 (PIRSensor) added to repository!
2019-07-29 10:37:01,295 DEBUG [restartedMain] (MAIN.ProductRepository) Product 0008 (PIRSensor) added to repository!
2019-07-29 10:37:01,295 DEBUG [restartedMain] (MAIN.ProductRepository) Product 0000 (System) added to repository!
2019-07-29 10:37:01,295 DEBUG [restartedMain] (MAIN.ProductRepository) Product 0000 (System) added to repository!
2019-07-29 10:37:01,295 DEBUG [restartedMain] (MAIN.ProductRepository) Product 0002 (SoloLightRGB) added to repository!
2019-07-29 10:37:01,295 DEBUG [restartedMain] (MAIN.ProductFactory) Constructing product 0005 (PlexMediaPlayer)
2019-07-29 10:37:01,298 DEBUG [restartedMain] (MAIN.ProductFactory) Adding property "Now Playing" (index: 1) to product "PlexMediaPlayer" (SSID: 0005)!
2019-07-29 10:37:01,298 DEBUG [restartedMain] (MAIN.ProductFactory) Adding property "Progress" (index: 4) to product "PlexMediaPlayer" (SSID: 0005)!
2019-07-29 10:37:01,298 DEBUG [restartedMain] (MAIN.ProductFactory) Adding property "Player Status" (index: 5) to product "PlexMediaPlayer" (SSID: 0005)!
2019-07-29 10:37:01,298 DEBUG [restartedMain] (MAIN.ProductFactory) Adding property "Player URL" (index: 0) to product "PlexMediaPlayer" (SSID: 0005)!
2019-07-29 10:37:01,299 DEBUG [restartedMain] (MAIN.ProductFactory) Adding property "Player Client Identifier" (index: 0) to product "PlexMediaPlayer" (SSID: 0005)!
2019-07-29 10:37:01,299 DEBUG [restartedMain] (MAIN.ProductFactory) Adding property "Play" (index: 2) to product "PlexMediaPlayer" (SSID: 0005)!
2019-07-29 10:37:01,299 DEBUG [restartedMain] (MAIN.ProductFactory) Adding property "Stop" (index: 4) to product "PlexMediaPlayer" (SSID: 0005)!
2019-07-29 10:37:01,299 DEBUG [restartedMain] (MAIN.ProductRepository) Product 0005 (PlexMediaPlayer) added to repository!
2019-07-29 10:37:01,299 DEBUG [restartedMain] (MAIN.ProductRepository) Product 0005 (PlexMediaPlayer) added to repository!
2019-07-29 10:37:01,299 DEBUG [restartedMain] (MAIN.ProductRepository) Product 0005 (PlexMediaPlayer) added to repository!
2019-07-29 10:37:01,299 DEBUG [restartedMain] (MAIN.ProductFactory) Constructing product 0009 (SamsungRemote)
2019-07-29 10:37:01,300 DEBUG [restartedMain] (MAIN.ProductFactory) Adding property "TogglePower" (index: 1) to product "SamsungRemote" (SSID: 0009)!
2019-07-29 10:37:01,300 DEBUG [restartedMain] (MAIN.ProductFactory) Adding property "Left" (index: 2) to product "SamsungRemote" (SSID: 0009)!
2019-07-29 10:37:01,300 DEBUG [restartedMain] (MAIN.ProductFactory) Adding property "Right" (index: 3) to product "SamsungRemote" (SSID: 0009)!
2019-07-29 10:37:01,300 DEBUG [restartedMain] (MAIN.ProductFactory) Adding property "Up" (index: 4) to product "SamsungRemote" (SSID: 0009)!
2019-07-29 10:37:01,300 DEBUG [restartedMain] (MAIN.ProductFactory) Adding property "Down" (index: 5) to product "SamsungRemote" (SSID: 0009)!
2019-07-29 10:37:01,300 DEBUG [restartedMain] (MAIN.ProductFactory) Adding property "Voume Up" (index: 6) to product "SamsungRemote" (SSID: 0009)!
2019-07-29 10:37:01,301 DEBUG [restartedMain] (MAIN.ProductFactory) Adding property "Volume Down" (index: 7) to product "SamsungRemote" (SSID: 0009)!
2019-07-29 10:37:01,301 DEBUG [restartedMain] (MAIN.ProductFactory) Adding property "Menu" (index: 8) to product "SamsungRemote" (SSID: 0009)!
2019-07-29 10:37:01,301 DEBUG [restartedMain] (MAIN.ProductRepository) Product 0009 (SamsungRemote) added to repository!
2019-07-29 10:37:01,301 DEBUG [restartedMain] (MAIN.ProductFactory) Constructing product 0006 (TFTSwitch)
2019-07-29 10:37:01,302 DEBUG [restartedMain] (MAIN.ProductFactory) Adding property "EnablePushSwitch" (index: 2) to product "TFTSwitch" (SSID: 0006)!
2019-07-29 10:37:01,302 DEBUG [restartedMain] (MAIN.ProductFactory) Adding property "State" (index: 3) to product "TFTSwitch" (SSID: 0006)!
2019-07-29 10:37:01,302 DEBUG [restartedMain] (MAIN.ProductFactory) Adding property "Switch" (index: 4) to product "TFTSwitch" (SSID: 0006)!
2019-07-29 10:37:01,302 DEBUG [restartedMain] (MAIN.ProductFactory) Adding property "EnableToggleSwitch" (index: 1) to product "TFTSwitch" (SSID: 0006)!
2019-07-29 10:37:01,303 DEBUG [restartedMain] (MAIN.ProductRepository) Product 0006 (TFTSwitch) added to repository!
2019-07-29 10:37:01,303 DEBUG [restartedMain] (MAIN.ProductRepository) Product 0006 (TFTSwitch) added to repository!
2019-07-29 10:37:01,303 DEBUG [restartedMain] (MAIN.ProductRepository) Product 0006 (TFTSwitch) added to repository!
2019-07-29 10:37:01,303 DEBUG [restartedMain] (MAIN.ProductRepository) Product 0009 (SamsungRemote) added to repository!
2019-07-29 10:37:01,304 DEBUG [restartedMain] (MAIN.ProductRepository) Product 0009 (SamsungRemote) added to repository!
2019-07-29 10:37:01,304 DEBUG [restartedMain] (MAIN.ProductRepository) Product 0009 (SamsungRemote) added to repository!
2019-07-29 10:37:01,304 DEBUG [restartedMain] (MAIN.ProductRepository) Product 0009 (SamsungRemote) added to repository!
2019-07-29 10:37:01,304 DEBUG [restartedMain] (MAIN.ProductRepository) Product 0009 (SamsungRemote) added to repository!
2019-07-29 10:37:01,304 DEBUG [restartedMain] (MAIN.ProductRepository) Product 0009 (SamsungRemote) added to repository!
2019-07-29 10:37:01,304 DEBUG [restartedMain] (MAIN.ProductRepository) Product 0009 (SamsungRemote) added to repository!
2019-07-29 10:37:01,304 DEBUG [restartedMain] (MAIN.ProductRepository) Product 0005 (PlexMediaPlayer) added to repository!
2019-07-29 10:37:01,304 DEBUG [restartedMain] (MAIN.ProductRepository) Product 0005 (PlexMediaPlayer) added to repository!
2019-07-29 10:37:01,304 DEBUG [restartedMain] (MAIN.ProductRepository) Product 0006 (TFTSwitch) added to repository!
2019-07-29 10:37:01,304 DEBUG [restartedMain] (MAIN.ProductFactory) Constructing product 0003 (Symphony Socket)
2019-07-29 10:37:01,305 DEBUG [restartedMain] (MAIN.ProductFactory) Adding property "Socket Switch" (index: 1) to product "Symphony Socket" (SSID: 0003)!
2019-07-29 10:37:01,305 DEBUG [restartedMain] (MAIN.ProductRepository) Product 0003 (Symphony Socket) added to repository!
2019-07-29 10:37:01,305 DEBUG [restartedMain] (MAIN.ProductRepository) Product 0002 (SoloLightRGB) added to repository!
2019-07-29 10:37:01,305 DEBUG [restartedMain] (MAIN.ProductRepository) Product 0002 (SoloLightRGB) added to repository!
2019-07-29 10:37:01,305 DEBUG [restartedMain] (MAIN.ProductFactory) Constructing product 0001 (SoloLight)
2019-07-29 10:37:01,306 DEBUG [restartedMain] (MAIN.ProductFactory) Adding property "Switch" (index: 1) to product "SoloLight" (SSID: 0001)!
2019-07-29 10:37:01,306 DEBUG [restartedMain] (MAIN.ProductRepository) Product 0001 (SoloLight) added to repository!
2019-07-29 10:37:01,307 DEBUG [restartedMain] (MAIN.ProductFactory) Constructing product 0007 (Test1)
2019-07-29 10:37:01,307 DEBUG [restartedMain] (MAIN.ProductFactory) Adding property "DO1" (index: 1) to product "Test1" (SSID: 0007)!
2019-07-29 10:37:01,307 DEBUG [restartedMain] (MAIN.ProductFactory) Adding property "DO2" (index: 2) to product "Test1" (SSID: 0007)!
2019-07-29 10:37:01,308 DEBUG [restartedMain] (MAIN.ProductFactory) Adding property "AO1" (index: 3) to product "Test1" (SSID: 0007)!
2019-07-29 10:37:01,308 DEBUG [restartedMain] (MAIN.ProductFactory) Adding property "AO2" (index: 4) to product "Test1" (SSID: 0007)!
2019-07-29 10:37:01,308 DEBUG [restartedMain] (MAIN.ProductRepository) Product 0007 (Test1) added to repository!
2019-07-29 10:37:01,308 DEBUG [restartedMain] (MAIN.ProductRepository) Product 0007 (Test1) added to repository!
2019-07-29 10:37:01,308 DEBUG [restartedMain] (MAIN.ProductRepository) Product 0007 (Test1) added to repository!
2019-07-29 10:37:01,308 DEBUG [restartedMain] (MAIN.ProductRepository) Product 0007 (Test1) added to repository!
2019-07-29 10:37:01,308 DEBUG [restartedMain] (MAIN.ProductRepository) Product 0005 (PlexMediaPlayer) added to repository!
2019-07-29 10:37:01,308 DEBUG [restartedMain] (MAIN.ProductRepository) Product 0005 (PlexMediaPlayer) added to repository!
2019-07-29 10:37:01,309 DEBUG [restartedMain] (MAIN.ProductRepository) 13 products added!
2019-07-29 10:37:01,310 INFO  [restartedMain] (MAIN.DeviceRepository) Retrieving devices from DB...
2019-07-29 10:37:01,347 DEBUG [restartedMain] (MAIN.DeviceRepository) Adding device S281 (TestSwitch1) to repository!
2019-07-29 10:37:01,348 DEBUG [restartedMain] (MAIN.DeviceRepository) Setting property: S281_1 of device: S281 with value: 1
2019-07-29 10:37:01,348 DEBUG [restartedMain] (MAIN.DeviceRepository) Adding device E740 (TestNoProd1) to repository!
2019-07-29 10:37:01,348 DEBUG [restartedMain] (MAIN.DeviceRepository) Setting property: E740_0 of device: E740 with value: 1
2019-07-29 10:37:01,348 DEBUG [restartedMain] (MAIN.DeviceRepository) Setting property: E740_1 of device: E740 with value: 0
2019-07-29 10:37:01,348 DEBUG [restartedMain] (MAIN.DeviceRepository) Setting property: E740_2 of device: E740 with value: 0
2019-07-29 10:37:01,348 DEBUG [restartedMain] (MAIN.DeviceRepository) Adding device N2NC (TestSwitch2) to repository!
2019-07-29 10:37:01,349 DEBUG [restartedMain] (MAIN.DeviceRepository) Setting property: N2NC_1 of device: N2NC with value: 1
2019-07-29 10:37:01,349 INFO  [restartedMain] (MAIN.DeviceRepository) 3 devices retrieved!
2019-07-29 10:37:01,349 DEBUG [restartedMain] (MAIN.DeviceRepository) Updating devices in Symphony Environment...
2019-07-29 10:37:01,349 DEBUG [restartedMain] (MAIN.DeviceRepository) Devices updated in Symphony Environment!
2019-07-29 10:37:01,380 DEBUG [restartedMain] (MAIN.Initializables) Initializing bm.tools.IDGenerator
2019-07-29 10:37:01,381 DEBUG [restartedMain] (MAIN.Initializables) Initializing bm.context.adaptors.AdaptorManager
2019-07-29 10:37:01,381 INFO  [restartedMain] (MAIN.AdaptorManager) Linking adaptors to products...
2019-07-29 10:37:01,454 INFO  [restartedMain] (MAIN.AdaptorManager) 0 adaptor-product links made. 0 adaptor-product links failed. 0 total.
2019-07-29 10:37:01,454 INFO  [restartedMain] (MAIN.AdaptorManager) No links found for 3 adaptors. Assuming to be universal adaptors. Linking to all products...
2019-07-29 10:37:01,454 INFO  [restartedMain] (MAIN.AdaptorManager) Linking adaptor 0000000001 to all devices...
2019-07-29 10:37:01,454 INFO  [restartedMain] (MAIN.AdaptorManager) Linking adaptor 0000000000 to all devices...
2019-07-29 10:37:01,454 INFO  [restartedMain] (MAIN.AdaptorManager) Linking adaptor 0000000002 to all devices...
2019-07-29 10:37:01,455 INFO  [restartedMain] (MAIN.AdaptorManager) Universal adaptors linked!
2019-07-29 10:37:01,455 INFO  [restartedMain] (MAIN.AdaptorManager) Linking all adaptors to all rooms...
2019-07-29 10:37:01,455 INFO  [restartedMain] (MAIN.AdaptorManager) Linking adaptor 0000000001 to all rooms!
2019-07-29 10:37:01,455 INFO  [restartedMain] (MAIN.AdaptorManager) Linking adaptor 0000000000 to all rooms!
2019-07-29 10:37:01,455 INFO  [restartedMain] (MAIN.AdaptorManager) Linking adaptor 0000000002 to all rooms!
2019-07-29 10:37:01,455 INFO  [restartedMain] (MAIN.AdaptorManager) All adaptors linked to rooms!
2019-07-29 10:37:01,455 DEBUG [restartedMain] (MAIN.Initializables) Initializing bm.cir.CIRManager
2019-07-29 10:37:01,455 DEBUG [restartedMain] (CIR.CIRManager) Updating CIR...
2019-07-29 10:37:01,476 DEBUG [restartedMain] (CIR.CIRManager) Adding rule "Rule0" to repository
2019-07-29 10:37:01,476 DEBUG [restartedMain] (CIR.CIRManager) Adding rule "Rule1" to repository
2019-07-29 10:37:01,476 DEBUG [restartedMain] (CIR.CIRManager) CIR updated!
2019-07-29 10:37:01,476 INFO  [restartedMain] (MAIN.Maestro) BusinessMachine started!
2019-07-29 10:37:48,216 DEBUG [MQTT Call: VM_12345678] (MQTT.MainMQTTListener) Message arrived at topic BM
2019-07-29 10:37:48,218 DEBUG [MQTT Call: VM_12345678] (MQTT.MainMQTTListener) Message is: 
{RID:'OH-POOP', CID:'N2NC',RTY:'poop',property:'1',value:'0'}
2019-07-29 10:37:48,272 DEBUG [Thread1:Process1] (POOP.POOPModule) POOPModule request processing started!
2019-07-29 10:37:48,275 INFO  [Thread1:Process1] (POOP.POOPModule) Changing property 1 of device N2NC to 0...
2019-07-29 10:37:48,275 DEBUG [Thread1:Process1] (POOP.POOPModule) Updating property in system...
2019-07-29 10:37:48,276 DEBUG [Thread1:Process1] (POOP.N2NC_1) Updating value of property N2NC_1 in CIRAdaptor...
2019-07-29 10:37:48,276 DEBUG [Thread1:Process1] (POOP.N2NC_1) Property N2NC_1 updated!
2019-07-29 10:37:48,276 DEBUG [Thread1:Process1] (POOP.N2NC_1) Updating value of property N2NC_1 in DBAdaptor...
2019-07-29 10:37:48,278 DEBUG [Thread1:Process1] (POOP.N2NC_1) Property N2NC_1 updated!
2019-07-29 10:37:48,278 DEBUG [Thread1:Process1] (POOP.N2NC_1) Updating value of property N2NC_1 in OHAdaptor...
2019-07-29 10:37:48,282 DEBUG [Thread1:Process1] (POOP.N2NC_1) Property N2NC_1 updated!
2019-07-29 10:37:48,282 DEBUG [Thread1:Process1] (MAIN.JEEPManager) Sending POOP request...
2019-07-29 10:37:48,282 DEBUG [CIRManager] (CIR.CIRManager) Updating CIR...
2019-07-29 10:37:48,288 INFO  [Thread1:Process1] (POOP.POOPModule) Property changed. POOP processing complete!
2019-07-29 10:37:48,288 INFO  [Thread1:Process1] (POOP.POOPModule) Request processing finished!
2019-07-29 10:37:48,294 DEBUG [CIRManager] (CIR.CIRManager) Adding rule "Rule0" to repository
2019-07-29 10:37:48,295 DEBUG [CIRManager] (CIR.CIRManager) Adding rule "Rule1" to repository
2019-07-29 10:37:48,295 DEBUG [CIRManager] (CIR.CIRManager) CIR updated!
2019-07-29 10:37:48,295 DEBUG [CIRManager] (CIR.CIRManager) Property N2NC_1 changed value. Checking CIR...
2019-07-29 10:37:48,295 DEBUG [CIRManager] (CIR.CIRManager) No rules found!
2019-07-29 10:37:48,320 DEBUG [MQTT] (MainMQTTPublisher.MQTT) Publishing message:{"RTY":"poop","success":true,"property":"N2NC_1","RID":"2645600626","value":"0","CID":"N2NC"} to N2NC_topic
2019-07-29 10:37:48,333 DEBUG [MQTT Call: VM_12345678] (MQTT.MainMQTTListener) Message published!
2019-07-29 10:37:48,932 DEBUG [MQTT Call: VM_12345678] (MQTT.MainMQTTListener) Message arrived at topic BM
2019-07-29 10:37:48,932 DEBUG [MQTT Call: VM_12345678] (MQTT.MainMQTTListener) Message is: 
{RID:'OH-POOP', CID:'N2NC',RTY:'poop',property:'1',value:'1'}
2019-07-29 10:37:49,043 DEBUG [Thread2:Process2] (POOP.POOPModule) POOPModule request processing started!
2019-07-29 10:37:49,043 INFO  [Thread2:Process2] (POOP.POOPModule) Changing property 1 of device N2NC to 1...
2019-07-29 10:37:49,043 DEBUG [Thread2:Process2] (POOP.POOPModule) Updating property in system...
2019-07-29 10:37:49,043 DEBUG [Thread2:Process2] (POOP.N2NC_1) Updating value of property N2NC_1 in CIRAdaptor...
2019-07-29 10:37:49,044 DEBUG [Thread2:Process2] (POOP.N2NC_1) Property N2NC_1 updated!
2019-07-29 10:37:49,044 DEBUG [Thread2:Process2] (POOP.N2NC_1) Updating value of property N2NC_1 in DBAdaptor...
2019-07-29 10:37:49,044 DEBUG [Thread2:Process2] (POOP.N2NC_1) Property N2NC_1 updated!
2019-07-29 10:37:49,044 DEBUG [Thread2:Process2] (POOP.N2NC_1) Updating value of property N2NC_1 in OHAdaptor...
2019-07-29 10:37:49,044 DEBUG [Thread2:Process2] (POOP.N2NC_1) Property N2NC_1 updated!
2019-07-29 10:37:49,044 DEBUG [Thread2:Process2] (MAIN.JEEPManager) Sending POOP request...
2019-07-29 10:37:49,044 INFO  [Thread2:Process2] (POOP.POOPModule) Property changed. POOP processing complete!
2019-07-29 10:37:49,044 INFO  [Thread2:Process2] (POOP.POOPModule) Request processing finished!
2019-07-29 10:37:49,044 DEBUG [CIRManager] (CIR.CIRManager) Updating CIR...
2019-07-29 10:37:49,045 DEBUG [MQTT] (MainMQTTPublisher.MQTT) Publishing message:{"RTY":"poop","success":true,"property":"N2NC_1","RID":"7323285573","value":"1","CID":"N2NC"} to N2NC_topic
2019-07-29 10:37:49,046 DEBUG [MQTT Call: VM_12345678] (MQTT.MainMQTTListener) Message published!
2019-07-29 10:37:49,096 DEBUG [CIRManager] (CIR.CIRManager) Adding rule "Rule0" to repository
2019-07-29 10:37:49,098 DEBUG [CIRManager] (CIR.CIRManager) Adding rule "Rule1" to repository
2019-07-29 10:37:49,098 DEBUG [CIRManager] (CIR.CIRManager) CIR updated!
2019-07-29 10:37:49,098 DEBUG [CIRManager] (CIR.CIRManager) Property N2NC_1 changed value. Checking CIR...
2019-07-29 10:37:49,098 DEBUG [CIRManager] (CIR.CIRManager) No rules found!
2019-07-29 10:37:58,422 DEBUG [MQTT Call: VM_12345678] (MQTT.MainMQTTListener) Message arrived at topic BM
2019-07-29 10:37:58,423 DEBUG [MQTT Call: VM_12345678] (MQTT.MainMQTTListener) Message is: 
{RID:'OH-POOP', CID:'S281',RTY:'poop',property:'1',value:'1'}
2019-07-29 10:37:58,475 DEBUG [Thread3:Process3] (POOP.POOPModule) POOPModule request processing started!
2019-07-29 10:37:58,476 INFO  [Thread3:Process3] (POOP.POOPModule) Changing property 1 of device S281 to 1...
2019-07-29 10:37:58,476 INFO  [Thread3:Process3] (POOP.POOPModule) Property is already set to 1!
2019-07-29 10:37:58,476 DEBUG [Thread3:Process3] (MAIN.JEEPManager) Sending POOP request...
2019-07-29 10:37:58,476 INFO  [Thread3:Process3] (POOP.POOPModule) Property changed. POOP processing complete!
2019-07-29 10:37:58,476 INFO  [Thread3:Process3] (POOP.POOPModule) Request processing finished!
2019-07-29 10:37:58,476 DEBUG [MQTT] (MainMQTTPublisher.MQTT) Publishing message:{"RTY":"poop","success":true,"property":"S281_1","RID":"0802155718","value":"1","CID":"S281"} to S281_topic
2019-07-29 10:37:58,477 DEBUG [MQTT Call: VM_12345678] (MQTT.MainMQTTListener) Message published!
2019-07-29 10:37:59,094 DEBUG [MQTT Call: VM_12345678] (MQTT.MainMQTTListener) Message arrived at topic BM
2019-07-29 10:37:59,094 DEBUG [MQTT Call: VM_12345678] (MQTT.MainMQTTListener) Message is: 
{RID:'OH-POOP', CID:'S281',RTY:'poop',property:'1',value:'0'}
2019-07-29 10:37:59,108 DEBUG [Thread1:Process4] (POOP.POOPModule) POOPModule request processing started!
2019-07-29 10:37:59,108 INFO  [Thread1:Process4] (POOP.POOPModule) Changing property 1 of device S281 to 0...
2019-07-29 10:37:59,108 DEBUG [Thread1:Process4] (POOP.POOPModule) Updating property in system...
2019-07-29 10:37:59,108 DEBUG [Thread1:Process4] (POOP.S281_1) Updating value of property S281_1 in CIRAdaptor...
2019-07-29 10:37:59,109 DEBUG [Thread1:Process4] (POOP.S281_1) Property S281_1 updated!
2019-07-29 10:37:59,109 DEBUG [Thread1:Process4] (POOP.S281_1) Updating value of property S281_1 in DBAdaptor...
2019-07-29 10:37:59,109 DEBUG [Thread1:Process4] (POOP.S281_1) Property S281_1 updated!
2019-07-29 10:37:59,109 DEBUG [Thread1:Process4] (POOP.S281_1) Updating value of property S281_1 in OHAdaptor...
2019-07-29 10:37:59,109 DEBUG [Thread1:Process4] (POOP.S281_1) Property S281_1 updated!
2019-07-29 10:37:59,109 DEBUG [Thread1:Process4] (MAIN.JEEPManager) Sending POOP request...
2019-07-29 10:37:59,109 INFO  [Thread1:Process4] (POOP.POOPModule) Property changed. POOP processing complete!
2019-07-29 10:37:59,110 DEBUG [MQTT] (MainMQTTPublisher.MQTT) Publishing message:{"RTY":"poop","success":true,"property":"S281_1","RID":"0383503284","value":"0","CID":"S281"} to S281_topic
2019-07-29 10:37:59,110 INFO  [Thread1:Process4] (POOP.POOPModule) Request processing finished!
2019-07-29 10:37:59,112 DEBUG [MQTT Call: VM_12345678] (MQTT.MainMQTTListener) Message published!
2019-07-29 10:37:59,146 DEBUG [CIRManager] (CIR.CIRManager) Updating CIR...
2019-07-29 10:37:59,192 DEBUG [CIRManager] (CIR.CIRManager) Adding rule "Rule0" to repository
2019-07-29 10:38:00,671 DEBUG [CIRManager] (CIR.CIRManager) Adding rule "Rule1" to repository
2019-07-29 10:38:00,716 DEBUG [CIRManager] (CIR.CIRManager) CIR updated!
2019-07-29 10:38:00,716 DEBUG [CIRManager] (CIR.CIRManager) Property S281_1 changed value. Checking CIR...
2019-07-29 10:38:00,716 FATAL [CIRManager] (CIR.CIRManager) 11111
2019-07-29 10:38:00,717 FATAL [CIRManager] (CIR.CIRManager) Switch::0.0=1.0
2019-07-29 10:38:00,717 FATAL [CIRManager] (CIR.CIRManager) 11111
2019-07-29 10:38:00,717 INFO  [CIRManager] (CIR.CIRManager) Property S281_1 value change triggered 1 rules! Executing...
2019-07-29 10:38:00,717 DEBUG [CIRManager] (CIR.CIRManager) Updating property N2NC_1...
2019-07-29 10:38:00,717 DEBUG [CIRManager] (CIR.N2NC_1) Updating value of property N2NC_1 in CIRAdaptor...
2019-07-29 10:38:00,717 DEBUG [CIRManager] (CIR.N2NC_1) Property N2NC_1 updated!
2019-07-29 10:38:00,717 DEBUG [CIRManager] (CIR.N2NC_1) Updating value of property N2NC_1 in DBAdaptor...
2019-07-29 10:38:00,717 DEBUG [CIRManager] (CIR.N2NC_1) Property N2NC_1 updated!
2019-07-29 10:38:00,717 DEBUG [CIRManager] (CIR.N2NC_1) Updating value of property N2NC_1 in OHAdaptor...
2019-07-29 10:38:00,717 DEBUG [CIRManager] (CIR.N2NC_1) Property N2NC_1 updated!
2019-07-29 10:38:00,718 DEBUG [CIRManager] (CIR.N2NC_1) Sending property value to device...
2019-07-29 10:38:00,718 DEBUG [CIRManager] (MAIN.JEEPManager) Sending POOP request...
2019-07-29 10:38:00,718 DEBUG [CIRManager] (CIR.N2NC_1) Property value sent!
2019-07-29 10:38:00,718 INFO  [CIRManager] (CIR.CIRManager) Property N2NC_1 updated from rule "Rule1"
2019-07-29 10:38:00,718 DEBUG [CIRManager] (CIR.CIRManager) Updating CIR...
2019-07-29 10:38:00,719 DEBUG [CIRManager] (CIR.CIRManager) Adding rule "Rule0" to repository
2019-07-29 10:38:00,719 DEBUG [CIRManager] (CIR.CIRManager) Adding rule "Rule1" to repository
2019-07-29 10:38:00,719 DEBUG [CIRManager] (CIR.CIRManager) CIR updated!
2019-07-29 10:38:00,719 DEBUG [CIRManager] (CIR.CIRManager) Property N2NC_1 changed value. Checking CIR...
2019-07-29 10:38:00,719 DEBUG [CIRManager] (CIR.CIRManager) No rules found!
2019-07-29 10:38:00,726 DEBUG [MQTT] (MainMQTTPublisher.MQTT) Publishing message:{"RTY":"poop","property":1,"RID":"8404835370","value":"0","CID":"N2NC"} to N2NC_topic
2019-07-29 10:38:00,729 DEBUG [MQTT Call: VM_12345678] (MQTT.MainMQTTListener) Message published!
2019-07-29 10:38:00,852 DEBUG [MQTT Call: VM_12345678] (MQTT.MainMQTTListener) Message arrived at topic BM
2019-07-29 10:38:00,852 DEBUG [MQTT Call: VM_12345678] (MQTT.MainMQTTListener) Message is: 
{RID:'OH-POOP', CID:'S281',RTY:'poop',property:'1',value:'1'}
2019-07-29 10:38:00,888 DEBUG [Thread2:Process5] (POOP.POOPModule) POOPModule request processing started!
2019-07-29 10:38:00,888 INFO  [Thread2:Process5] (POOP.POOPModule) Changing property 1 of device S281 to 1...
2019-07-29 10:38:00,888 DEBUG [Thread2:Process5] (POOP.POOPModule) Updating property in system...
2019-07-29 10:38:00,888 DEBUG [Thread2:Process5] (POOP.S281_1) Updating value of property S281_1 in CIRAdaptor...
2019-07-29 10:38:00,888 DEBUG [Thread2:Process5] (POOP.S281_1) Property S281_1 updated!
2019-07-29 10:38:00,888 DEBUG [CIRManager] (CIR.CIRManager) Updating CIR...
2019-07-29 10:38:00,888 DEBUG [Thread2:Process5] (POOP.S281_1) Updating value of property S281_1 in DBAdaptor...
2019-07-29 10:38:00,888 DEBUG [Thread2:Process5] (POOP.S281_1) Property S281_1 updated!
2019-07-29 10:38:00,888 DEBUG [Thread2:Process5] (POOP.S281_1) Updating value of property S281_1 in OHAdaptor...
2019-07-29 10:38:00,888 DEBUG [Thread2:Process5] (POOP.S281_1) Property S281_1 updated!
2019-07-29 10:38:00,888 DEBUG [Thread2:Process5] (MAIN.JEEPManager) Sending POOP request...
2019-07-29 10:38:00,888 INFO  [Thread2:Process5] (POOP.POOPModule) Property changed. POOP processing complete!
2019-07-29 10:38:00,888 INFO  [Thread2:Process5] (POOP.POOPModule) Request processing finished!
2019-07-29 10:38:00,889 DEBUG [CIRManager] (CIR.CIRManager) Adding rule "Rule0" to repository
2019-07-29 10:38:00,890 DEBUG [CIRManager] (CIR.CIRManager) Adding rule "Rule1" to repository
2019-07-29 10:38:00,890 DEBUG [CIRManager] (CIR.CIRManager) CIR updated!
2019-07-29 10:38:00,890 DEBUG [CIRManager] (CIR.CIRManager) Property S281_1 changed value. Checking CIR...
2019-07-29 10:38:00,890 FATAL [CIRManager] (CIR.CIRManager) 11111
2019-07-29 10:38:00,890 FATAL [CIRManager] (CIR.CIRManager) 11111
2019-07-29 10:38:00,890 FATAL [CIRManager] (CIR.CIRManager) Switch::1.0=0.0
2019-07-29 10:38:00,890 INFO  [CIRManager] (CIR.CIRManager) Property S281_1 value change triggered 1 rules! Executing...
2019-07-29 10:38:00,890 DEBUG [CIRManager] (CIR.CIRManager) Updating property N2NC_1...
2019-07-29 10:38:00,890 DEBUG [CIRManager] (CIR.N2NC_1) Updating value of property N2NC_1 in CIRAdaptor...
2019-07-29 10:38:00,890 DEBUG [CIRManager] (CIR.N2NC_1) Property N2NC_1 updated!
2019-07-29 10:38:00,890 DEBUG [CIRManager] (CIR.N2NC_1) Updating value of property N2NC_1 in DBAdaptor...
2019-07-29 10:38:00,890 DEBUG [CIRManager] (CIR.N2NC_1) Property N2NC_1 updated!
2019-07-29 10:38:00,890 DEBUG [CIRManager] (CIR.N2NC_1) Updating value of property N2NC_1 in OHAdaptor...
2019-07-29 10:38:00,890 DEBUG [CIRManager] (CIR.N2NC_1) Property N2NC_1 updated!
2019-07-29 10:38:00,890 DEBUG [CIRManager] (CIR.N2NC_1) Sending property value to device...
2019-07-29 10:38:00,890 DEBUG [CIRManager] (MAIN.JEEPManager) Sending POOP request...
2019-07-29 10:38:00,891 DEBUG [CIRManager] (CIR.N2NC_1) Property value sent!
2019-07-29 10:38:00,891 INFO  [CIRManager] (CIR.CIRManager) Property N2NC_1 updated from rule "Rule0"
2019-07-29 10:38:00,891 DEBUG [CIRManager] (CIR.CIRManager) Updating CIR...
2019-07-29 10:38:00,893 DEBUG [CIRManager] (CIR.CIRManager) Adding rule "Rule0" to repository
2019-07-29 10:38:00,893 DEBUG [CIRManager] (CIR.CIRManager) Adding rule "Rule1" to repository
2019-07-29 10:38:00,893 DEBUG [CIRManager] (CIR.CIRManager) CIR updated!
2019-07-29 10:38:00,893 DEBUG [CIRManager] (CIR.CIRManager) Property N2NC_1 changed value. Checking CIR...
2019-07-29 10:38:00,893 DEBUG [CIRManager] (CIR.CIRManager) No rules found!
2019-07-29 10:38:00,904 DEBUG [MQTT] (MainMQTTPublisher.MQTT) Publishing message:{"RTY":"poop","success":true,"property":"S281_1","RID":"2338553733","value":"1","CID":"S281"} to S281_topic
2019-07-29 10:38:00,927 DEBUG [MQTT] (MainMQTTPublisher.MQTT) Publishing message:{"RTY":"poop","property":1,"RID":"4350757414","value":"1","CID":"N2NC"} to N2NC_topic
2019-07-29 10:38:00,927 DEBUG [MQTT Call: VM_12345678] (MQTT.MainMQTTListener) Message published!
2019-07-29 10:38:00,928 DEBUG [MQTT Call: VM_12345678] (MQTT.MainMQTTListener) Message published!
2019-07-29 10:38:32,163 DEBUG [MQTT Call: VM_12345678] (MQTT.MainMQTTListener) Message arrived at topic BM
2019-07-29 10:38:32,164 DEBUG [MQTT Call: VM_12345678] (MQTT.MainMQTTListener) Message is: 
{RID:'OH-POOP', CID:'S281',RTY:'poop',property:'1',value:'0'}
2019-07-29 10:38:32,223 DEBUG [Thread3:Process6] (POOP.POOPModule) POOPModule request processing started!
2019-07-29 10:38:32,224 INFO  [Thread3:Process6] (POOP.POOPModule) Changing property 1 of device S281 to 0...
2019-07-29 10:38:32,224 DEBUG [Thread3:Process6] (POOP.POOPModule) Updating property in system...
2019-07-29 10:38:32,224 DEBUG [Thread3:Process6] (POOP.S281_1) Updating value of property S281_1 in CIRAdaptor...
2019-07-29 10:38:32,224 DEBUG [Thread3:Process6] (POOP.S281_1) Property S281_1 updated!
2019-07-29 10:38:32,224 DEBUG [Thread3:Process6] (POOP.S281_1) Updating value of property S281_1 in DBAdaptor...
2019-07-29 10:38:32,224 DEBUG [Thread3:Process6] (POOP.S281_1) Property S281_1 updated!
2019-07-29 10:38:32,224 DEBUG [Thread3:Process6] (POOP.S281_1) Updating value of property S281_1 in OHAdaptor...
2019-07-29 10:38:32,224 DEBUG [Thread3:Process6] (POOP.S281_1) Property S281_1 updated!
2019-07-29 10:38:32,224 DEBUG [Thread3:Process6] (MAIN.JEEPManager) Sending POOP request...
2019-07-29 10:38:32,224 INFO  [Thread3:Process6] (POOP.POOPModule) Property changed. POOP processing complete!
2019-07-29 10:38:32,224 INFO  [Thread3:Process6] (POOP.POOPModule) Request processing finished!
2019-07-29 10:38:32,236 DEBUG [MQTT] (MainMQTTPublisher.MQTT) Publishing message:{"RTY":"poop","success":true,"property":"S281_1","RID":"0548806133","value":"0","CID":"S281"} to S281_topic
2019-07-29 10:38:32,236 DEBUG [MQTT Call: VM_12345678] (MQTT.MainMQTTListener) Message published!
2019-07-29 10:38:32,235 DEBUG [CIRManager] (CIR.CIRManager) Updating CIR...
2019-07-29 10:38:32,261 DEBUG [CIRManager] (CIR.CIRManager) Adding rule "Rule0" to repository
2019-07-29 10:38:32,261 DEBUG [CIRManager] (CIR.CIRManager) Adding rule "Rule1" to repository
2019-07-29 10:38:32,261 DEBUG [CIRManager] (CIR.CIRManager) CIR updated!
2019-07-29 10:38:32,261 DEBUG [CIRManager] (CIR.CIRManager) Property S281_1 changed value. Checking CIR...
2019-07-29 10:38:32,261 FATAL [CIRManager] (CIR.CIRManager) 11111
2019-07-29 10:38:32,261 FATAL [CIRManager] (CIR.CIRManager) Switch::0.0=1.0
2019-07-29 10:38:32,261 FATAL [CIRManager] (CIR.CIRManager) 11111
2019-07-29 10:38:32,261 INFO  [CIRManager] (CIR.CIRManager) Property S281_1 value change triggered 1 rules! Executing...
2019-07-29 10:38:32,261 DEBUG [CIRManager] (CIR.CIRManager) Updating property N2NC_1...
2019-07-29 10:38:32,261 DEBUG [CIRManager] (CIR.N2NC_1) Updating value of property N2NC_1 in CIRAdaptor...
2019-07-29 10:38:32,261 DEBUG [CIRManager] (CIR.N2NC_1) Property N2NC_1 updated!
2019-07-29 10:38:32,261 DEBUG [CIRManager] (CIR.N2NC_1) Updating value of property N2NC_1 in DBAdaptor...
2019-07-29 10:38:32,261 DEBUG [CIRManager] (CIR.N2NC_1) Property N2NC_1 updated!
2019-07-29 10:38:32,261 DEBUG [CIRManager] (CIR.N2NC_1) Updating value of property N2NC_1 in OHAdaptor...
2019-07-29 10:38:32,261 DEBUG [CIRManager] (CIR.N2NC_1) Property N2NC_1 updated!
2019-07-29 10:38:32,261 DEBUG [CIRManager] (CIR.N2NC_1) Sending property value to device...
2019-07-29 10:38:32,261 DEBUG [CIRManager] (MAIN.JEEPManager) Sending POOP request...
2019-07-29 10:38:32,261 DEBUG [CIRManager] (CIR.N2NC_1) Property value sent!
2019-07-29 10:38:32,261 INFO  [CIRManager] (CIR.CIRManager) Property N2NC_1 updated from rule "Rule1"
2019-07-29 10:38:32,261 DEBUG [CIRManager] (CIR.CIRManager) Updating CIR...
2019-07-29 10:38:32,284 DEBUG [MQTT] (MainMQTTPublisher.MQTT) Publishing message:{"RTY":"poop","property":1,"RID":"6512487344","value":"0","CID":"N2NC"} to N2NC_topic
2019-07-29 10:38:32,285 DEBUG [MQTT Call: VM_12345678] (MQTT.MainMQTTListener) Message published!
2019-07-29 10:38:32,298 DEBUG [CIRManager] (CIR.CIRManager) Adding rule "Rule0" to repository
2019-07-29 10:38:32,298 DEBUG [CIRManager] (CIR.CIRManager) Adding rule "Rule1" to repository
2019-07-29 10:38:32,298 DEBUG [CIRManager] (CIR.CIRManager) CIR updated!
2019-07-29 10:38:32,298 DEBUG [CIRManager] (CIR.CIRManager) Property N2NC_1 changed value. Checking CIR...
2019-07-29 10:38:32,298 DEBUG [CIRManager] (CIR.CIRManager) No rules found!
2019-07-29 10:38:42,267 DEBUG [MQTT Call: VM_12345678] (MQTT.MainMQTTListener) Message arrived at topic BM
2019-07-29 10:38:42,267 DEBUG [MQTT Call: VM_12345678] (MQTT.MainMQTTListener) Message is: 
{RID:'OH-POOP', CID:'S281',RTY:'poop',property:'1',value:'1'}
2019-07-29 10:38:42,277 DEBUG [Thread1:Process7] (POOP.POOPModule) POOPModule request processing started!
2019-07-29 10:38:42,277 INFO  [Thread1:Process7] (POOP.POOPModule) Changing property 1 of device S281 to 1...
2019-07-29 10:38:42,277 DEBUG [Thread1:Process7] (POOP.POOPModule) Updating property in system...
2019-07-29 10:38:42,277 DEBUG [Thread1:Process7] (POOP.S281_1) Updating value of property S281_1 in CIRAdaptor...
2019-07-29 10:38:42,277 DEBUG [Thread1:Process7] (POOP.S281_1) Property S281_1 updated!
2019-07-29 10:38:42,277 DEBUG [Thread1:Process7] (POOP.S281_1) Updating value of property S281_1 in DBAdaptor...
2019-07-29 10:38:42,277 DEBUG [Thread1:Process7] (POOP.S281_1) Property S281_1 updated!
2019-07-29 10:38:42,277 DEBUG [Thread1:Process7] (POOP.S281_1) Updating value of property S281_1 in OHAdaptor...
2019-07-29 10:38:42,277 DEBUG [Thread1:Process7] (POOP.S281_1) Property S281_1 updated!
2019-07-29 10:38:42,277 DEBUG [Thread1:Process7] (MAIN.JEEPManager) Sending POOP request...
2019-07-29 10:38:42,277 INFO  [Thread1:Process7] (POOP.POOPModule) Property changed. POOP processing complete!
2019-07-29 10:38:42,278 INFO  [Thread1:Process7] (POOP.POOPModule) Request processing finished!
2019-07-29 10:38:42,278 DEBUG [CIRManager] (CIR.CIRManager) Updating CIR...
2019-07-29 10:38:42,326 DEBUG [CIRManager] (CIR.CIRManager) Adding rule "Rule0" to repository
2019-07-29 10:38:42,326 DEBUG [CIRManager] (CIR.CIRManager) Adding rule "Rule1" to repository
2019-07-29 10:38:42,326 DEBUG [CIRManager] (CIR.CIRManager) CIR updated!
2019-07-29 10:38:42,326 DEBUG [CIRManager] (CIR.CIRManager) Property S281_1 changed value. Checking CIR...
2019-07-29 10:38:42,327 FATAL [CIRManager] (CIR.CIRManager) 11111
2019-07-29 10:38:42,327 FATAL [CIRManager] (CIR.CIRManager) 11111
2019-07-29 10:38:42,327 FATAL [CIRManager] (CIR.CIRManager) Switch::1.0=0.0
2019-07-29 10:38:42,327 INFO  [CIRManager] (CIR.CIRManager) Property S281_1 value change triggered 1 rules! Executing...
2019-07-29 10:38:42,327 DEBUG [CIRManager] (CIR.CIRManager) Updating property N2NC_1...
2019-07-29 10:38:42,327 DEBUG [CIRManager] (CIR.N2NC_1) Updating value of property N2NC_1 in CIRAdaptor...
2019-07-29 10:38:42,327 DEBUG [CIRManager] (CIR.N2NC_1) Property N2NC_1 updated!
2019-07-29 10:38:42,327 DEBUG [CIRManager] (CIR.N2NC_1) Updating value of property N2NC_1 in DBAdaptor...
2019-07-29 10:38:42,327 DEBUG [CIRManager] (CIR.N2NC_1) Property N2NC_1 updated!
2019-07-29 10:38:42,327 DEBUG [CIRManager] (CIR.N2NC_1) Updating value of property N2NC_1 in OHAdaptor...
2019-07-29 10:38:42,327 DEBUG [CIRManager] (CIR.N2NC_1) Property N2NC_1 updated!
2019-07-29 10:38:42,327 DEBUG [CIRManager] (CIR.N2NC_1) Sending property value to device...
2019-07-29 10:38:42,327 DEBUG [CIRManager] (MAIN.JEEPManager) Sending POOP request...
2019-07-29 10:38:42,327 DEBUG [MQTT] (MainMQTTPublisher.MQTT) Publishing message:{"RTY":"poop","success":true,"property":"S281_1","RID":"4888143705","value":"1","CID":"S281"} to S281_topic
2019-07-29 10:38:42,327 DEBUG [CIRManager] (CIR.N2NC_1) Property value sent!
2019-07-29 10:38:42,327 INFO  [CIRManager] (CIR.CIRManager) Property N2NC_1 updated from rule "Rule0"
2019-07-29 10:38:42,327 DEBUG [CIRManager] (CIR.CIRManager) Updating CIR...
2019-07-29 10:38:42,328 DEBUG [CIRManager] (CIR.CIRManager) Adding rule "Rule0" to repository
2019-07-29 10:38:42,328 DEBUG [CIRManager] (CIR.CIRManager) Adding rule "Rule1" to repository
2019-07-29 10:38:42,329 DEBUG [CIRManager] (CIR.CIRManager) CIR updated!
2019-07-29 10:38:42,329 DEBUG [CIRManager] (CIR.CIRManager) Property N2NC_1 changed value. Checking CIR...
2019-07-29 10:38:42,332 DEBUG [MQTT Call: VM_12345678] (MQTT.MainMQTTListener) Message published!
2019-07-29 10:38:42,332 DEBUG [MQTT] (MainMQTTPublisher.MQTT) Publishing message:{"RTY":"poop","property":1,"RID":"0716782437","value":"1","CID":"N2NC"} to N2NC_topic
2019-07-29 10:38:42,332 DEBUG [CIRManager] (CIR.CIRManager) No rules found!
2019-07-29 10:38:42,333 DEBUG [MQTT Call: VM_12345678] (MQTT.MainMQTTListener) Message published!
2019-07-29 10:39:00,801 DEBUG [MQTT Call: VM_12345678] (MQTT.MainMQTTListener) Message arrived at topic BM
2019-07-29 10:39:00,801 DEBUG [MQTT Call: VM_12345678] (MQTT.MainMQTTListener) Message is: 
{RID:'OH-POOP', CID:'S281',RTY:'poop',property:'1',value:'0'}
2019-07-29 10:39:00,814 DEBUG [Thread2:Process8] (POOP.POOPModule) POOPModule request processing started!
2019-07-29 10:39:00,814 INFO  [Thread2:Process8] (POOP.POOPModule) Changing property 1 of device S281 to 0...
2019-07-29 10:39:00,814 DEBUG [Thread2:Process8] (POOP.POOPModule) Updating property in system...
2019-07-29 10:39:00,815 DEBUG [Thread2:Process8] (POOP.S281_1) Updating value of property S281_1 in CIRAdaptor...
2019-07-29 10:39:00,815 DEBUG [Thread2:Process8] (POOP.S281_1) Property S281_1 updated!
2019-07-29 10:39:00,815 DEBUG [Thread2:Process8] (POOP.S281_1) Updating value of property S281_1 in DBAdaptor...
2019-07-29 10:39:00,815 DEBUG [Thread2:Process8] (POOP.S281_1) Property S281_1 updated!
2019-07-29 10:39:00,815 DEBUG [Thread2:Process8] (POOP.S281_1) Updating value of property S281_1 in OHAdaptor...
2019-07-29 10:39:00,815 DEBUG [Thread2:Process8] (POOP.S281_1) Property S281_1 updated!
2019-07-29 10:39:00,815 DEBUG [Thread2:Process8] (MAIN.JEEPManager) Sending POOP request...
2019-07-29 10:39:00,815 INFO  [Thread2:Process8] (POOP.POOPModule) Property changed. POOP processing complete!
2019-07-29 10:39:00,815 INFO  [Thread2:Process8] (POOP.POOPModule) Request processing finished!
2019-07-29 10:39:00,834 DEBUG [CIRManager] (CIR.CIRManager) Updating CIR...
2019-07-29 10:39:00,835 DEBUG [MQTT] (MainMQTTPublisher.MQTT) Publishing message:{"RTY":"poop","success":true,"property":"S281_1","RID":"1535070422","value":"0","CID":"S281"} to S281_topic
2019-07-29 10:39:00,837 DEBUG [MQTT Call: VM_12345678] (MQTT.MainMQTTListener) Message published!
2019-07-29 10:39:00,875 DEBUG [CIRManager] (CIR.CIRManager) Adding rule "Rule0" to repository
2019-07-29 10:39:00,875 DEBUG [CIRManager] (CIR.CIRManager) Adding rule "Rule1" to repository
2019-07-29 10:39:00,875 DEBUG [CIRManager] (CIR.CIRManager) CIR updated!
2019-07-29 10:39:00,875 DEBUG [CIRManager] (CIR.CIRManager) Property S281_1 changed value. Checking CIR...
2019-07-29 10:39:00,875 FATAL [CIRManager] (CIR.CIRManager) 11111
2019-07-29 10:39:00,875 FATAL [CIRManager] (CIR.CIRManager) Switch::0.0=1.0
2019-07-29 10:39:00,875 FATAL [CIRManager] (CIR.CIRManager) 11111
2019-07-29 10:39:00,875 INFO  [CIRManager] (CIR.CIRManager) Property S281_1 value change triggered 1 rules! Executing...
2019-07-29 10:39:00,875 DEBUG [CIRManager] (CIR.CIRManager) Updating property N2NC_1...
2019-07-29 10:39:00,875 DEBUG [CIRManager] (CIR.N2NC_1) Updating value of property N2NC_1 in CIRAdaptor...
2019-07-29 10:39:00,875 DEBUG [CIRManager] (CIR.N2NC_1) Property N2NC_1 updated!
2019-07-29 10:39:00,875 DEBUG [CIRManager] (CIR.N2NC_1) Updating value of property N2NC_1 in DBAdaptor...
2019-07-29 10:39:00,876 DEBUG [CIRManager] (CIR.N2NC_1) Property N2NC_1 updated!
2019-07-29 10:39:00,876 DEBUG [CIRManager] (CIR.N2NC_1) Updating value of property N2NC_1 in OHAdaptor...
2019-07-29 10:39:00,876 DEBUG [CIRManager] (CIR.N2NC_1) Property N2NC_1 updated!
2019-07-29 10:39:00,876 DEBUG [CIRManager] (CIR.N2NC_1) Sending property value to device...
2019-07-29 10:39:00,876 DEBUG [CIRManager] (MAIN.JEEPManager) Sending POOP request...
2019-07-29 10:39:00,876 DEBUG [CIRManager] (CIR.N2NC_1) Property value sent!
2019-07-29 10:39:00,876 INFO  [CIRManager] (CIR.CIRManager) Property N2NC_1 updated from rule "Rule1"
2019-07-29 10:39:00,876 DEBUG [CIRManager] (CIR.CIRManager) Updating CIR...
2019-07-29 10:39:00,892 DEBUG [MQTT] (MainMQTTPublisher.MQTT) Publishing message:{"RTY":"poop","property":1,"RID":"1671641808","value":"0","CID":"N2NC"} to N2NC_topic
2019-07-29 10:39:00,893 DEBUG [MQTT Call: VM_12345678] (MQTT.MainMQTTListener) Message published!
2019-07-29 10:39:00,919 DEBUG [CIRManager] (CIR.CIRManager) Adding rule "Rule0" to repository
2019-07-29 10:39:00,919 DEBUG [CIRManager] (CIR.CIRManager) Adding rule "Rule1" to repository
2019-07-29 10:39:00,919 DEBUG [CIRManager] (CIR.CIRManager) CIR updated!
2019-07-29 10:39:00,919 DEBUG [CIRManager] (CIR.CIRManager) Property N2NC_1 changed value. Checking CIR...
2019-07-29 10:39:00,919 DEBUG [CIRManager] (CIR.CIRManager) No rules found!
2019-07-29 10:39:03,723 DEBUG [MQTT Call: VM_12345678] (MQTT.MainMQTTListener) Message arrived at topic BM
2019-07-29 10:39:03,723 DEBUG [MQTT Call: VM_12345678] (MQTT.MainMQTTListener) Message is: 
{RID:'OH-POOP', CID:'S281',RTY:'poop',property:'1',value:'1'}
2019-07-29 10:39:03,734 DEBUG [Thread3:Process9] (POOP.POOPModule) POOPModule request processing started!
2019-07-29 10:39:03,734 INFO  [Thread3:Process9] (POOP.POOPModule) Changing property 1 of device S281 to 1...
2019-07-29 10:39:03,734 DEBUG [Thread3:Process9] (POOP.POOPModule) Updating property in system...
2019-07-29 10:39:03,734 DEBUG [Thread3:Process9] (POOP.S281_1) Updating value of property S281_1 in CIRAdaptor...
2019-07-29 10:39:03,734 DEBUG [Thread3:Process9] (POOP.S281_1) Property S281_1 updated!
2019-07-29 10:39:03,734 DEBUG [Thread3:Process9] (POOP.S281_1) Updating value of property S281_1 in DBAdaptor...
2019-07-29 10:39:03,734 DEBUG [Thread3:Process9] (POOP.S281_1) Property S281_1 updated!
2019-07-29 10:39:03,734 DEBUG [Thread3:Process9] (POOP.S281_1) Updating value of property S281_1 in OHAdaptor...
2019-07-29 10:39:03,734 DEBUG [Thread3:Process9] (POOP.S281_1) Property S281_1 updated!
2019-07-29 10:39:03,734 DEBUG [Thread3:Process9] (MAIN.JEEPManager) Sending POOP request...
2019-07-29 10:39:03,734 INFO  [Thread3:Process9] (POOP.POOPModule) Property changed. POOP processing complete!
2019-07-29 10:39:03,734 INFO  [Thread3:Process9] (POOP.POOPModule) Request processing finished!
2019-07-29 10:39:03,734 DEBUG [MQTT] (MainMQTTPublisher.MQTT) Publishing message:{"RTY":"poop","success":true,"property":"S281_1","RID":"2031148562","value":"1","CID":"S281"} to S281_topic
2019-07-29 10:39:03,735 DEBUG [MQTT Call: VM_12345678] (MQTT.MainMQTTListener) Message published!
2019-07-29 10:39:03,735 DEBUG [CIRManager] (CIR.CIRManager) Updating CIR...
2019-07-29 10:39:03,766 DEBUG [CIRManager] (CIR.CIRManager) Adding rule "Rule0" to repository
2019-07-29 10:39:03,767 DEBUG [CIRManager] (CIR.CIRManager) Adding rule "Rule1" to repository
2019-07-29 10:39:03,767 DEBUG [CIRManager] (CIR.CIRManager) CIR updated!
2019-07-29 10:39:03,767 DEBUG [CIRManager] (CIR.CIRManager) Property S281_1 changed value. Checking CIR...
2019-07-29 10:39:03,767 FATAL [CIRManager] (CIR.CIRManager) 11111
2019-07-29 10:39:03,767 FATAL [CIRManager] (CIR.CIRManager) 11111
2019-07-29 10:39:03,767 FATAL [CIRManager] (CIR.CIRManager) Switch::1.0=0.0
2019-07-29 10:39:03,767 INFO  [CIRManager] (CIR.CIRManager) Property S281_1 value change triggered 1 rules! Executing...
2019-07-29 10:39:03,767 DEBUG [CIRManager] (CIR.CIRManager) Updating property N2NC_1...
2019-07-29 10:39:03,767 DEBUG [CIRManager] (CIR.N2NC_1) Updating value of property N2NC_1 in CIRAdaptor...
2019-07-29 10:39:03,767 DEBUG [CIRManager] (CIR.N2NC_1) Property N2NC_1 updated!
2019-07-29 10:39:03,767 DEBUG [CIRManager] (CIR.N2NC_1) Updating value of property N2NC_1 in DBAdaptor...
2019-07-29 10:39:03,767 DEBUG [CIRManager] (CIR.N2NC_1) Property N2NC_1 updated!
2019-07-29 10:39:03,767 DEBUG [CIRManager] (CIR.N2NC_1) Updating value of property N2NC_1 in OHAdaptor...
2019-07-29 10:39:03,767 DEBUG [CIRManager] (CIR.N2NC_1) Property N2NC_1 updated!
2019-07-29 10:39:03,767 DEBUG [CIRManager] (CIR.N2NC_1) Sending property value to device...
2019-07-29 10:39:03,767 DEBUG [CIRManager] (MAIN.JEEPManager) Sending POOP request...
2019-07-29 10:39:03,768 DEBUG [MQTT] (MainMQTTPublisher.MQTT) Publishing message:{"RTY":"poop","property":1,"RID":"0625833818","value":"1","CID":"N2NC"} to N2NC_topic
2019-07-29 10:39:03,768 DEBUG [CIRManager] (CIR.N2NC_1) Property value sent!
2019-07-29 10:39:03,768 INFO  [CIRManager] (CIR.CIRManager) Property N2NC_1 updated from rule "Rule0"
2019-07-29 10:39:03,768 DEBUG [CIRManager] (CIR.CIRManager) Updating CIR...
2019-07-29 10:39:03,768 DEBUG [MQTT Call: VM_12345678] (MQTT.MainMQTTListener) Message published!
2019-07-29 10:39:03,776 DEBUG [CIRManager] (CIR.CIRManager) Adding rule "Rule0" to repository
2019-07-29 10:39:03,776 DEBUG [CIRManager] (CIR.CIRManager) Adding rule "Rule1" to repository
2019-07-29 10:39:03,776 DEBUG [CIRManager] (CIR.CIRManager) CIR updated!
2019-07-29 10:39:03,776 DEBUG [CIRManager] (CIR.CIRManager) Property N2NC_1 changed value. Checking CIR...
2019-07-29 10:39:03,777 DEBUG [CIRManager] (CIR.CIRManager) No rules found!
2019-07-29 10:39:47,646 DEBUG [MQTT Call: VM_12345678] (MQTT.MainMQTTListener) Message arrived at topic BM
2019-07-29 10:39:47,647 DEBUG [MQTT Call: VM_12345678] (MQTT.MainMQTTListener) Message is: 
{RID:'OH-POOP', CID:'S281',RTY:'poop',property:'1',value:'0'}
2019-07-29 10:39:47,739 DEBUG [Thread1:Process10] (POOP.POOPModule) POOPModule request processing started!
2019-07-29 10:39:47,740 INFO  [Thread1:Process10] (POOP.POOPModule) Changing property 1 of device S281 to 0...
2019-07-29 10:39:47,740 DEBUG [Thread1:Process10] (POOP.POOPModule) Updating property in system...
2019-07-29 10:39:47,740 DEBUG [Thread1:Process10] (POOP.S281_1) Updating value of property S281_1 in CIRAdaptor...
2019-07-29 10:39:47,740 DEBUG [Thread1:Process10] (POOP.S281_1) Property S281_1 updated!
2019-07-29 10:39:47,740 DEBUG [Thread1:Process10] (POOP.S281_1) Updating value of property S281_1 in DBAdaptor...
2019-07-29 10:39:47,740 DEBUG [Thread1:Process10] (POOP.S281_1) Property S281_1 updated!
2019-07-29 10:39:47,740 DEBUG [Thread1:Process10] (POOP.S281_1) Updating value of property S281_1 in OHAdaptor...
2019-07-29 10:39:47,740 DEBUG [Thread1:Process10] (POOP.S281_1) Property S281_1 updated!
2019-07-29 10:39:47,740 DEBUG [Thread1:Process10] (MAIN.JEEPManager) Sending POOP request...
2019-07-29 10:39:47,741 INFO  [Thread1:Process10] (POOP.POOPModule) Property changed. POOP processing complete!
2019-07-29 10:39:47,741 INFO  [Thread1:Process10] (POOP.POOPModule) Request processing finished!
2019-07-29 10:39:47,748 DEBUG [MQTT] (MainMQTTPublisher.MQTT) Publishing message:{"RTY":"poop","success":true,"property":"S281_1","RID":"8228766704","value":"0","CID":"S281"} to S281_topic
2019-07-29 10:39:47,756 DEBUG [MQTT Call: VM_12345678] (MQTT.MainMQTTListener) Message published!
2019-07-29 10:39:47,790 DEBUG [CIRManager] (CIR.CIRManager) Updating CIR...
2019-07-29 10:39:47,905 DEBUG [CIRManager] (CIR.CIRManager) Adding rule "Rule0" to repository
2019-07-29 10:39:47,908 DEBUG [CIRManager] (CIR.CIRManager) Adding rule "Rule12" to repository
2019-07-29 10:39:47,909 DEBUG [CIRManager] (CIR.CIRManager) CIR updated!
2019-07-29 10:39:47,909 DEBUG [CIRManager] (CIR.CIRManager) Property S281_1 changed value. Checking CIR...
2019-07-29 10:39:47,909 FATAL [CIRManager] (CIR.CIRManager) 11111
2019-07-29 10:39:47,909 FATAL [CIRManager] (CIR.CIRManager) Switch::0.0=1.0
2019-07-29 10:39:47,909 FATAL [CIRManager] (CIR.CIRManager) 11111
2019-07-29 10:39:47,910 INFO  [CIRManager] (CIR.CIRManager) Property S281_1 value change triggered 1 rules! Executing...
2019-07-29 10:39:47,910 DEBUG [CIRManager] (CIR.CIRManager) Updating property N2NC_1...
2019-07-29 10:39:47,911 DEBUG [CIRManager] (CIR.N2NC_1) Updating value of property N2NC_1 in CIRAdaptor...
2019-07-29 10:39:47,911 DEBUG [CIRManager] (CIR.N2NC_1) Property N2NC_1 updated!
2019-07-29 10:39:47,911 DEBUG [CIRManager] (CIR.N2NC_1) Updating value of property N2NC_1 in DBAdaptor...
2019-07-29 10:39:47,911 DEBUG [CIRManager] (CIR.N2NC_1) Property N2NC_1 updated!
2019-07-29 10:39:47,911 DEBUG [CIRManager] (CIR.N2NC_1) Updating value of property N2NC_1 in OHAdaptor...
2019-07-29 10:39:47,911 DEBUG [CIRManager] (CIR.N2NC_1) Property N2NC_1 updated!
2019-07-29 10:39:47,911 DEBUG [CIRManager] (CIR.N2NC_1) Sending property value to device...
2019-07-29 10:39:47,911 DEBUG [CIRManager] (MAIN.JEEPManager) Sending POOP request...
2019-07-29 10:39:47,911 DEBUG [CIRManager] (CIR.N2NC_1) Property value sent!
2019-07-29 10:39:47,912 INFO  [CIRManager] (CIR.CIRManager) Property N2NC_1 updated from rule "Rule12"
2019-07-29 10:39:47,912 DEBUG [CIRManager] (CIR.CIRManager) Updating CIR...
2019-07-29 10:39:47,924 DEBUG [CIRManager] (CIR.CIRManager) Adding rule "Rule0" to repository
2019-07-29 10:39:47,925 DEBUG [CIRManager] (CIR.CIRManager) Adding rule "Rule12" to repository
2019-07-29 10:39:47,928 DEBUG [CIRManager] (CIR.CIRManager) CIR updated!
2019-07-29 10:39:47,928 DEBUG [CIRManager] (CIR.CIRManager) Property N2NC_1 changed value. Checking CIR...
2019-07-29 10:39:47,928 DEBUG [CIRManager] (CIR.CIRManager) No rules found!
2019-07-29 10:39:47,997 DEBUG [MQTT] (MainMQTTPublisher.MQTT) Publishing message:{"RTY":"poop","property":1,"RID":"3720028183","value":"0","CID":"N2NC"} to N2NC_topic
2019-07-29 10:39:48,098 DEBUG [MQTT Call: VM_12345678] (MQTT.MainMQTTListener) Message published!
2019-07-29 10:40:21,640 DEBUG [MQTT Call: VM_12345678] (MQTT.MainMQTTListener) Message arrived at topic BM
2019-07-29 10:40:21,641 DEBUG [MQTT Call: VM_12345678] (MQTT.MainMQTTListener) Message is: 
{RID:'OH-POOP', CID:'S281',RTY:'poop',property:'1',value:'1'}
2019-07-29 10:40:21,683 DEBUG [Thread2:Process11] (POOP.POOPModule) POOPModule request processing started!
2019-07-29 10:40:21,683 INFO  [Thread2:Process11] (POOP.POOPModule) Changing property 1 of device S281 to 1...
2019-07-29 10:40:21,684 DEBUG [Thread2:Process11] (POOP.POOPModule) Updating property in system...
2019-07-29 10:40:21,684 DEBUG [Thread2:Process11] (POOP.S281_1) Updating value of property S281_1 in CIRAdaptor...
2019-07-29 10:40:21,684 DEBUG [Thread2:Process11] (POOP.S281_1) Property S281_1 updated!
2019-07-29 10:40:21,684 DEBUG [Thread2:Process11] (POOP.S281_1) Updating value of property S281_1 in DBAdaptor...
2019-07-29 10:40:21,684 DEBUG [Thread2:Process11] (POOP.S281_1) Property S281_1 updated!
2019-07-29 10:40:21,684 DEBUG [Thread2:Process11] (POOP.S281_1) Updating value of property S281_1 in OHAdaptor...
2019-07-29 10:40:21,684 DEBUG [Thread2:Process11] (POOP.S281_1) Property S281_1 updated!
2019-07-29 10:40:21,684 DEBUG [Thread2:Process11] (MAIN.JEEPManager) Sending POOP request...
2019-07-29 10:40:21,684 DEBUG [CIRManager] (CIR.CIRManager) Updating CIR...
2019-07-29 10:40:21,684 INFO  [Thread2:Process11] (POOP.POOPModule) Property changed. POOP processing complete!
2019-07-29 10:40:21,684 INFO  [Thread2:Process11] (POOP.POOPModule) Request processing finished!
2019-07-29 10:40:21,708 DEBUG [MQTT] (MainMQTTPublisher.MQTT) Publishing message:{"RTY":"poop","success":true,"property":"S281_1","RID":"5015710670","value":"1","CID":"S281"} to S281_topic
2019-07-29 10:40:21,719 DEBUG [MQTT Call: VM_12345678] (MQTT.MainMQTTListener) Message published!
2019-07-29 10:40:21,782 DEBUG [CIRManager] (CIR.CIRManager) Adding rule "Rule0" to repository
2019-07-29 10:40:21,782 DEBUG [CIRManager] (CIR.CIRManager) Adding rule "Rule12" to repository
2019-07-29 10:40:21,782 DEBUG [CIRManager] (CIR.CIRManager) CIR updated!
2019-07-29 10:40:21,782 DEBUG [CIRManager] (CIR.CIRManager) Property S281_1 changed value. Checking CIR...
2019-07-29 10:40:21,782 FATAL [CIRManager] (CIR.CIRManager) 11111
2019-07-29 10:40:21,782 FATAL [CIRManager] (CIR.CIRManager) 11111
2019-07-29 10:40:21,782 FATAL [CIRManager] (CIR.CIRManager) Switch::1.0=0.0
2019-07-29 10:40:21,782 INFO  [CIRManager] (CIR.CIRManager) Property S281_1 value change triggered 1 rules! Executing...
2019-07-29 10:40:21,782 DEBUG [CIRManager] (CIR.CIRManager) Updating property N2NC_1...
2019-07-29 10:40:21,782 DEBUG [CIRManager] (CIR.N2NC_1) Updating value of property N2NC_1 in CIRAdaptor...
2019-07-29 10:40:21,782 DEBUG [CIRManager] (CIR.N2NC_1) Property N2NC_1 updated!
2019-07-29 10:40:21,782 DEBUG [CIRManager] (CIR.N2NC_1) Updating value of property N2NC_1 in DBAdaptor...
2019-07-29 10:40:21,782 DEBUG [CIRManager] (CIR.N2NC_1) Property N2NC_1 updated!
2019-07-29 10:40:21,782 DEBUG [CIRManager] (CIR.N2NC_1) Updating value of property N2NC_1 in OHAdaptor...
2019-07-29 10:40:21,782 DEBUG [CIRManager] (CIR.N2NC_1) Property N2NC_1 updated!
2019-07-29 10:40:21,782 DEBUG [CIRManager] (CIR.N2NC_1) Sending property value to device...
2019-07-29 10:40:21,782 DEBUG [CIRManager] (MAIN.JEEPManager) Sending POOP request...
2019-07-29 10:40:21,783 DEBUG [CIRManager] (CIR.N2NC_1) Property value sent!
2019-07-29 10:40:21,783 INFO  [CIRManager] (CIR.CIRManager) Property N2NC_1 updated from rule "Rule0"
2019-07-29 10:40:21,783 DEBUG [CIRManager] (CIR.CIRManager) Updating CIR...
2019-07-29 10:40:21,785 DEBUG [CIRManager] (CIR.CIRManager) Adding rule "Rule0" to repository
2019-07-29 10:40:21,786 DEBUG [CIRManager] (CIR.CIRManager) Adding rule "Rule12" to repository
2019-07-29 10:40:21,786 DEBUG [CIRManager] (CIR.CIRManager) CIR updated!
2019-07-29 10:40:21,786 DEBUG [CIRManager] (CIR.CIRManager) Property N2NC_1 changed value. Checking CIR...
2019-07-29 10:40:21,786 DEBUG [CIRManager] (CIR.CIRManager) No rules found!
2019-07-29 10:40:21,819 DEBUG [MQTT] (MainMQTTPublisher.MQTT) Publishing message:{"RTY":"poop","property":1,"RID":"7281374615","value":"1","CID":"N2NC"} to N2NC_topic
2019-07-29 10:40:21,835 DEBUG [MQTT Call: VM_12345678] (MQTT.MainMQTTListener) Message published!
2019-07-29 10:40:27,775 DEBUG [MQTT Call: VM_12345678] (MQTT.MainMQTTListener) Message arrived at topic BM
2019-07-29 10:40:27,775 DEBUG [MQTT Call: VM_12345678] (MQTT.MainMQTTListener) Message is: 
{RID:'OH-POOP', CID:'S281',RTY:'poop',property:'1',value:'0'}
2019-07-29 10:40:27,824 DEBUG [Thread3:Process12] (POOP.POOPModule) POOPModule request processing started!
2019-07-29 10:40:27,824 INFO  [Thread3:Process12] (POOP.POOPModule) Changing property 1 of device S281 to 0...
2019-07-29 10:40:27,824 DEBUG [Thread3:Process12] (POOP.POOPModule) Updating property in system...
2019-07-29 10:40:27,824 DEBUG [Thread3:Process12] (POOP.S281_1) Updating value of property S281_1 in CIRAdaptor...
2019-07-29 10:40:27,824 DEBUG [Thread3:Process12] (POOP.S281_1) Property S281_1 updated!
2019-07-29 10:40:27,824 DEBUG [Thread3:Process12] (POOP.S281_1) Updating value of property S281_1 in DBAdaptor...
2019-07-29 10:40:27,824 DEBUG [Thread3:Process12] (POOP.S281_1) Property S281_1 updated!
2019-07-29 10:40:27,824 DEBUG [Thread3:Process12] (POOP.S281_1) Updating value of property S281_1 in OHAdaptor...
2019-07-29 10:40:27,825 DEBUG [Thread3:Process12] (POOP.S281_1) Property S281_1 updated!
2019-07-29 10:40:27,825 DEBUG [Thread3:Process12] (MAIN.JEEPManager) Sending POOP request...
2019-07-29 10:40:27,825 INFO  [Thread3:Process12] (POOP.POOPModule) Property changed. POOP processing complete!
2019-07-29 10:40:27,825 DEBUG [MQTT] (MainMQTTPublisher.MQTT) Publishing message:{"RTY":"poop","success":true,"property":"S281_1","RID":"8276760022","value":"0","CID":"S281"} to S281_topic
2019-07-29 10:40:27,825 INFO  [Thread3:Process12] (POOP.POOPModule) Request processing finished!
2019-07-29 10:40:27,853 DEBUG [CIRManager] (CIR.CIRManager) Updating CIR...
2019-07-29 10:40:27,855 DEBUG [CIRManager] (CIR.CIRManager) Adding rule "Rule0" to repository
2019-07-29 10:40:27,855 DEBUG [CIRManager] (CIR.CIRManager) Adding rule "Rule12" to repository
2019-07-29 10:40:27,856 DEBUG [CIRManager] (CIR.CIRManager) CIR updated!
2019-07-29 10:40:27,856 DEBUG [CIRManager] (CIR.CIRManager) Property S281_1 changed value. Checking CIR...
2019-07-29 10:40:27,856 FATAL [CIRManager] (CIR.CIRManager) 11111
2019-07-29 10:40:27,856 FATAL [CIRManager] (CIR.CIRManager) Switch::0.0=1.0
2019-07-29 10:40:27,856 FATAL [CIRManager] (CIR.CIRManager) 11111
2019-07-29 10:40:27,856 INFO  [CIRManager] (CIR.CIRManager) Property S281_1 value change triggered 1 rules! Executing...
2019-07-29 10:40:27,856 DEBUG [CIRManager] (CIR.CIRManager) Updating property N2NC_1...
2019-07-29 10:40:27,856 DEBUG [CIRManager] (CIR.N2NC_1) Updating value of property N2NC_1 in CIRAdaptor...
2019-07-29 10:40:27,856 DEBUG [CIRManager] (CIR.N2NC_1) Property N2NC_1 updated!
2019-07-29 10:40:27,856 DEBUG [CIRManager] (CIR.N2NC_1) Updating value of property N2NC_1 in DBAdaptor...
2019-07-29 10:40:27,856 DEBUG [CIRManager] (CIR.N2NC_1) Property N2NC_1 updated!
2019-07-29 10:40:27,856 DEBUG [CIRManager] (CIR.N2NC_1) Updating value of property N2NC_1 in OHAdaptor...
2019-07-29 10:40:27,856 DEBUG [CIRManager] (CIR.N2NC_1) Property N2NC_1 updated!
2019-07-29 10:40:27,856 DEBUG [CIRManager] (CIR.N2NC_1) Sending property value to device...
2019-07-29 10:40:27,856 DEBUG [CIRManager] (MAIN.JEEPManager) Sending POOP request...
2019-07-29 10:40:27,856 DEBUG [CIRManager] (CIR.N2NC_1) Property value sent!
2019-07-29 10:40:27,856 INFO  [CIRManager] (CIR.CIRManager) Property N2NC_1 updated from rule "Rule12"
2019-07-29 10:40:27,856 DEBUG [CIRManager] (CIR.CIRManager) Updating CIR...
2019-07-29 10:40:27,858 DEBUG [CIRManager] (CIR.CIRManager) Adding rule "Rule0" to repository
2019-07-29 10:40:27,858 DEBUG [CIRManager] (CIR.CIRManager) Adding rule "Rule12" to repository
2019-07-29 10:40:27,858 DEBUG [CIRManager] (CIR.CIRManager) CIR updated!
2019-07-29 10:40:27,858 DEBUG [CIRManager] (CIR.CIRManager) Property N2NC_1 changed value. Checking CIR...
2019-07-29 10:40:27,858 DEBUG [CIRManager] (CIR.CIRManager) No rules found!
2019-07-29 10:40:27,928 DEBUG [MQTT] (MainMQTTPublisher.MQTT) Publishing message:{"RTY":"poop","property":1,"RID":"3460800208","value":"0","CID":"N2NC"} to N2NC_topic
2019-07-29 10:40:27,928 DEBUG [MQTT Call: VM_12345678] (MQTT.MainMQTTListener) Message published!
2019-07-29 10:40:27,975 DEBUG [MQTT Call: VM_12345678] (MQTT.MainMQTTListener) Message published!
2019-07-29 10:40:32,366 DEBUG [MQTT Call: VM_12345678] (MQTT.MainMQTTListener) Message arrived at topic BM
2019-07-29 10:40:32,366 DEBUG [MQTT Call: VM_12345678] (MQTT.MainMQTTListener) Message is: 
{RID:'OH-POOP', CID:'S281',RTY:'poop',property:'1',value:'1'}
2019-07-29 10:40:32,414 DEBUG [Thread1:Process13] (POOP.POOPModule) POOPModule request processing started!
2019-07-29 10:40:32,414 INFO  [Thread1:Process13] (POOP.POOPModule) Changing property 1 of device S281 to 1...
2019-07-29 10:40:32,414 DEBUG [Thread1:Process13] (POOP.POOPModule) Updating property in system...
2019-07-29 10:40:32,414 DEBUG [Thread1:Process13] (POOP.S281_1) Updating value of property S281_1 in CIRAdaptor...
2019-07-29 10:40:32,414 DEBUG [Thread1:Process13] (POOP.S281_1) Property S281_1 updated!
2019-07-29 10:40:32,414 DEBUG [Thread1:Process13] (POOP.S281_1) Updating value of property S281_1 in DBAdaptor...
2019-07-29 10:40:32,414 DEBUG [Thread1:Process13] (POOP.S281_1) Property S281_1 updated!
2019-07-29 10:40:32,414 DEBUG [Thread1:Process13] (POOP.S281_1) Updating value of property S281_1 in OHAdaptor...
2019-07-29 10:40:32,414 DEBUG [Thread1:Process13] (POOP.S281_1) Property S281_1 updated!
2019-07-29 10:40:32,414 DEBUG [Thread1:Process13] (MAIN.JEEPManager) Sending POOP request...
2019-07-29 10:40:32,414 INFO  [Thread1:Process13] (POOP.POOPModule) Property changed. POOP processing complete!
2019-07-29 10:40:32,414 INFO  [Thread1:Process13] (POOP.POOPModule) Request processing finished!
2019-07-29 10:40:32,440 DEBUG [MQTT] (MainMQTTPublisher.MQTT) Publishing message:{"RTY":"poop","success":true,"property":"S281_1","RID":"8624520771","value":"1","CID":"S281"} to S281_topic
2019-07-29 10:40:32,440 DEBUG [MQTT Call: VM_12345678] (MQTT.MainMQTTListener) Message published!
2019-07-29 10:40:32,528 DEBUG [CIRManager] (CIR.CIRManager) Updating CIR...
2019-07-29 10:40:32,530 DEBUG [CIRManager] (CIR.CIRManager) Adding rule "Rule0" to repository
2019-07-29 10:40:32,530 DEBUG [CIRManager] (CIR.CIRManager) Adding rule "Rule12" to repository
2019-07-29 10:40:32,530 DEBUG [CIRManager] (CIR.CIRManager) CIR updated!
2019-07-29 10:40:32,530 DEBUG [CIRManager] (CIR.CIRManager) Property S281_1 changed value. Checking CIR...
2019-07-29 10:40:32,530 FATAL [CIRManager] (CIR.CIRManager) 11111
2019-07-29 10:40:32,530 FATAL [CIRManager] (CIR.CIRManager) 11111
2019-07-29 10:40:32,531 FATAL [CIRManager] (CIR.CIRManager) Switch::1.0=0.0
2019-07-29 10:40:32,531 INFO  [CIRManager] (CIR.CIRManager) Property S281_1 value change triggered 1 rules! Executing...
2019-07-29 10:40:32,531 DEBUG [CIRManager] (CIR.CIRManager) Updating property N2NC_1...
2019-07-29 10:40:32,531 DEBUG [CIRManager] (CIR.N2NC_1) Updating value of property N2NC_1 in CIRAdaptor...
2019-07-29 10:40:32,531 DEBUG [CIRManager] (CIR.N2NC_1) Property N2NC_1 updated!
2019-07-29 10:40:32,531 DEBUG [CIRManager] (CIR.N2NC_1) Updating value of property N2NC_1 in DBAdaptor...
2019-07-29 10:40:32,533 DEBUG [CIRManager] (CIR.N2NC_1) Property N2NC_1 updated!
2019-07-29 10:40:32,533 DEBUG [CIRManager] (CIR.N2NC_1) Updating value of property N2NC_1 in OHAdaptor...
2019-07-29 10:40:32,534 DEBUG [CIRManager] (CIR.N2NC_1) Property N2NC_1 updated!
2019-07-29 10:40:32,534 DEBUG [CIRManager] (CIR.N2NC_1) Sending property value to device...
2019-07-29 10:40:32,534 DEBUG [CIRManager] (MAIN.JEEPManager) Sending POOP request...
2019-07-29 10:40:32,534 DEBUG [CIRManager] (CIR.N2NC_1) Property value sent!
2019-07-29 10:40:32,534 INFO  [CIRManager] (CIR.CIRManager) Property N2NC_1 updated from rule "Rule0"
2019-07-29 10:40:32,534 DEBUG [CIRManager] (CIR.CIRManager) Updating CIR...
2019-07-29 10:40:32,536 DEBUG [CIRManager] (CIR.CIRManager) Adding rule "Rule0" to repository
2019-07-29 10:40:32,536 DEBUG [CIRManager] (CIR.CIRManager) Adding rule "Rule12" to repository
2019-07-29 10:40:32,536 DEBUG [CIRManager] (CIR.CIRManager) CIR updated!
2019-07-29 10:40:32,536 DEBUG [CIRManager] (CIR.CIRManager) Property N2NC_1 changed value. Checking CIR...
2019-07-29 10:40:32,536 DEBUG [CIRManager] (CIR.CIRManager) No rules found!
2019-07-29 10:40:32,554 DEBUG [MQTT] (MainMQTTPublisher.MQTT) Publishing message:{"RTY":"poop","property":1,"RID":"2407810055","value":"1","CID":"N2NC"} to N2NC_topic
2019-07-29 10:40:32,596 DEBUG [MQTT Call: VM_12345678] (MQTT.MainMQTTListener) Message published!
